{"content": {"suites": {"0": {"status": {"total_pass": 0, "total_skip": 0, "total_xpass": 0, "total_xfail": 0, "total_rerun": 0, "total_fail": 5, "total_error": 0}, "tests": {"0": {"status": "FAIL", "message": "   selenium.common.exceptions.NoSuchElementException: Message: no such element: Unable to locate element: {\"method\":\"xpath\",\"selector\":\"/html/body/div[1]/div[2]/section/main/div/div/section[2]/section[2]/section/form/div[5]/button\"}\n     (Session info: chrome=132.0.6834.160); For documentation on this error, please visit: https://www.selenium.dev/documentation/webdriver/troubleshooting/errors#no-such-element-exception\n   Stacktrace:\n   \tGetHandleVerifier [0x00007FF715E602F5+28725]\n   \t(No symbol) [0x00007FF715DC2AE0]\n   \t(No symbol) [0x00007FF715C5510A]\n   \t(No symbol) [0x00007FF715CA93D2]\n   \t(No symbol) [0x00007FF715CA95FC]\n   \t(No symbol) [0x00007FF715CF3407]\n   \t(No symbol) [0x00007FF715CCFFEF]\n   \t(No symbol) [0x00007FF715CF0181]\n   \t(No symbol) [0x00007FF715CCFD53]\n   \t(No symbol) [0x00007FF715C9A0E3]\n   \t(No symbol) [0x00007FF715C9B471]\n   \tGetHandleVerifier [0x00007FF71618F30D+3366989]\n   \tGetHandleVerifier [0x00007FF7161A12F0+3440688]\n   \tGetHandleVerifier [0x00007FF7161978FD+3401277]\n   \tGetHandleVerifier [0x00007FF715F2AAAB+858091]\n   \t(No symbol) [0x00007FF715DCE74F]\n   \t(No symbol) [0x00007FF715DCA304]\n   \t(No symbol) [0x00007FF715DCA49D]\n   \t(No symbol) [0x00007FF715DB8B69]\n   \tBaseThreadInitThunk [0x00007FFD2C8C259D+29]\n   \tRtlUserThreadStart [0x00007FFD2DCEAF38+40]\n", "test_name": "test_Signupnegative1Home", "rerun": "0"}, "1": {"status": "FAIL", "message": "   selenium.common.exceptions.NoSuchElementException: Message: no such element: Unable to locate element: {\"method\":\"xpath\",\"selector\":\"/html/body/div[1]/div[2]/section/main/div/div/section[2]/section[2]/section/form/div[5]/button\"}\n     (Session info: chrome=132.0.6834.160); For documentation on this error, please visit: https://www.selenium.dev/documentation/webdriver/troubleshooting/errors#no-such-element-exception\n   Stacktrace:\n   \tGetHandleVerifier [0x00007FF715E602F5+28725]\n   \t(No symbol) [0x00007FF715DC2AE0]\n   \t(No symbol) [0x00007FF715C5510A]\n   \t(No symbol) [0x00007FF715CA93D2]\n   \t(No symbol) [0x00007FF715CA95FC]\n   \t(No symbol) [0x00007FF715CF3407]\n   \t(No symbol) [0x00007FF715CCFFEF]\n   \t(No symbol) [0x00007FF715CF0181]\n   \t(No symbol) [0x00007FF715CCFD53]\n   \t(No symbol) [0x00007FF715C9A0E3]\n   \t(No symbol) [0x00007FF715C9B471]\n   \tGetHandleVerifier [0x00007FF71618F30D+3366989]\n   \tGetHandleVerifier [0x00007FF7161A12F0+3440688]\n   \tGetHandleVerifier [0x00007FF7161978FD+3401277]\n   \tGetHandleVerifier [0x00007FF715F2AAAB+858091]\n   \t(No symbol) [0x00007FF715DCE74F]\n   \t(No symbol) [0x00007FF715DCA304]\n   \t(No symbol) [0x00007FF715DCA49D]\n   \t(No symbol) [0x00007FF715DB8B69]\n   \tBaseThreadInitThunk [0x00007FFD2C8C259D+29]\n   \tRtlUserThreadStart [0x00007FFD2DCEAF38+40]\n", "test_name": "test_Signupnegative2Home", "rerun": "0"}, "2": {"status": "FAIL", "message": "   selenium.common.exceptions.NoSuchElementException: Message: no such element: Unable to locate element: {\"method\":\"xpath\",\"selector\":\"/html/body/div[1]/div[2]/section/main/div/div/section[2]/section[2]/section/form/div[5]/button\"}\n     (Session info: chrome=132.0.6834.160); For documentation on this error, please visit: https://www.selenium.dev/documentation/webdriver/troubleshooting/errors#no-such-element-exception\n   Stacktrace:\n   \tGetHandleVerifier [0x00007FF715E602F5+28725]\n   \t(No symbol) [0x00007FF715DC2AE0]\n   \t(No symbol) [0x00007FF715C5510A]\n   \t(No symbol) [0x00007FF715CA93D2]\n   \t(No symbol) [0x00007FF715CA95FC]\n   \t(No symbol) [0x00007FF715CF3407]\n   \t(No symbol) [0x00007FF715CCFFEF]\n   \t(No symbol) [0x00007FF715CF0181]\n   \t(No symbol) [0x00007FF715CCFD53]\n   \t(No symbol) [0x00007FF715C9A0E3]\n   \t(No symbol) [0x00007FF715C9B471]\n   \tGetHandleVerifier [0x00007FF71618F30D+3366989]\n   \tGetHandleVerifier [0x00007FF7161A12F0+3440688]\n   \tGetHandleVerifier [0x00007FF7161978FD+3401277]\n   \tGetHandleVerifier [0x00007FF715F2AAAB+858091]\n   \t(No symbol) [0x00007FF715DCE74F]\n   \t(No symbol) [0x00007FF715DCA304]\n   \t(No symbol) [0x00007FF715DCA49D]\n   \t(No symbol) [0x00007FF715DB8B69]\n   \tBaseThreadInitThunk [0x00007FFD2C8C259D+29]\n   \tRtlUserThreadStart [0x00007FFD2DCEAF38+40]\n", "test_name": "test_Signupnegative3Home", "rerun": "0"}, "3": {"status": "FAIL", "message": "   selenium.common.exceptions.NoSuchElementException: Message: no such element: Unable to locate element: {\"method\":\"xpath\",\"selector\":\"/html/body/div[1]/div[2]/section/main/div/div/section[2]/section[2]/section/form/div[5]/button\"}\n     (Session info: chrome=132.0.6834.160); For documentation on this error, please visit: https://www.selenium.dev/documentation/webdriver/troubleshooting/errors#no-such-element-exception\n   Stacktrace:\n   \tGetHandleVerifier [0x00007FF715E602F5+28725]\n   \t(No symbol) [0x00007FF715DC2AE0]\n   \t(No symbol) [0x00007FF715C5510A]\n   \t(No symbol) [0x00007FF715CA93D2]\n   \t(No symbol) [0x00007FF715CA95FC]\n   \t(No symbol) [0x00007FF715CF3407]\n   \t(No symbol) [0x00007FF715CCFFEF]\n   \t(No symbol) [0x00007FF715CF0181]\n   \t(No symbol) [0x00007FF715CCFD53]\n   \t(No symbol) [0x00007FF715C9A0E3]\n   \t(No symbol) [0x00007FF715C9B471]\n   \tGetHandleVerifier [0x00007FF71618F30D+3366989]\n   \tGetHandleVerifier [0x00007FF7161A12F0+3440688]\n   \tGetHandleVerifier [0x00007FF7161978FD+3401277]\n   \tGetHandleVerifier [0x00007FF715F2AAAB+858091]\n   \t(No symbol) [0x00007FF715DCE74F]\n   \t(No symbol) [0x00007FF715DCA304]\n   \t(No symbol) [0x00007FF715DCA49D]\n   \t(No symbol) [0x00007FF715DB8B69]\n   \tBaseThreadInitThunk [0x00007FFD2C8C259D+29]\n   \tRtlUserThreadStart [0x00007FFD2DCEAF38+40]\n", "test_name": "test_Signupnegative4Home", "rerun": "0"}, "4": {"status": "FAIL", "message": "   selenium.common.exceptions.NoSuchElementException: Message: no such element: Unable to locate element: {\"method\":\"xpath\",\"selector\":\"/html/body/div[1]/div[2]/section/main/div/div/section[2]/section[2]/section/form/div[5]/button\"}\n     (Session info: chrome=132.0.6834.160); For documentation on this error, please visit: https://www.selenium.dev/documentation/webdriver/troubleshooting/errors#no-such-element-exception\n   Stacktrace:\n   \tGetHandleVerifier [0x00007FF715E602F5+28725]\n   \t(No symbol) [0x00007FF715DC2AE0]\n   \t(No symbol) [0x00007FF715C5510A]\n   \t(No symbol) [0x00007FF715CA93D2]\n   \t(No symbol) [0x00007FF715CA95FC]\n   \t(No symbol) [0x00007FF715CF3407]\n   \t(No symbol) [0x00007FF715CCFFEF]\n   \t(No symbol) [0x00007FF715CF0181]\n   \t(No symbol) [0x00007FF715CCFD53]\n   \t(No symbol) [0x00007FF715C9A0E3]\n   \t(No symbol) [0x00007FF715C9B471]\n   \tGetHandleVerifier [0x00007FF71618F30D+3366989]\n   \tGetHandleVerifier [0x00007FF7161A12F0+3440688]\n   \tGetHandleVerifier [0x00007FF7161978FD+3401277]\n   \tGetHandleVerifier [0x00007FF715F2AAAB+858091]\n   \t(No symbol) [0x00007FF715DCE74F]\n   \t(No symbol) [0x00007FF715DCA304]\n   \t(No symbol) [0x00007FF715DCA49D]\n   \t(No symbol) [0x00007FF715DB8B69]\n   \tBaseThreadInitThunk [0x00007FFD2C8C259D+29]\n   \tRtlUserThreadStart [0x00007FFD2DCEAF38+40]\n", "test_name": "test_Signupnegative5Home", "rerun": "0"}}, "suite_name": "test_002_companyRegistration.py"}}}, "date": "February 03, 2025", "start_time": 1738578916.55309, "total_suite": 1, "status": "FAIL", "status_list": {"pass": "0", "fail": "5", "skip": "0", "error": "0", "xpass": "0", "xfail": "0", "rerun": "0"}, "total_tests": "5"}