{"content": {"suites": {"0": {"status": {"total_pass": 1, "total_skip": 0, "total_xpass": 0, "total_xfail": 0, "total_rerun": 0, "total_fail": 3, "total_error": 0}, "tests": {"0": {"status": "PASS", "message": "", "test_name": "test_editQuotePositive", "rerun": "0"}, "1": {"status": "FAIL", "message": "   selenium.common.exceptions.NoSuchElementException: Message: no such element: Unable to locate element: {\"method\":\"xpath\",\"selector\":\"/html/body/div[1]/div[2]/section[1]/main/div/div/main/section[2]/section/div[2]/button/span\"}\n     (Session info: chrome=126.0.6478.114); For documentation on this error, please visit: https://www.selenium.dev/documentation/webdriver/troubleshooting/errors#no-such-element-exception\n   Stacktrace:\n   \tGetHandleVerifier [0x00007FF69BB6EEA2+31554]\n   \t(No symbol) [0x00007FF69BAE7ED9]\n   \t(No symbol) [0x00007FF69B9A872A]\n   \t(No symbol) [0x00007FF69B9F8434]\n   \t(No symbol) [0x00007FF69B9F853C]\n   \t(No symbol) [0x00007FF69BA3F6A7]\n   \t(No symbol) [0x00007FF69BA1D06F]\n   \t(No symbol) [0x00007FF69BA3C977]\n   \t(No symbol) [0x00007FF69BA1CDD3]\n   \t(No symbol) [0x00007FF69B9EA33B]\n   \t(No symbol) [0x00007FF69B9EAED1]\n   \tGetHandleVerifier [0x00007FF69BE78B1D+3217341]\n   \tGetHandleVerifier [0x00007FF69BEC5AE3+3532675]\n   \tGetHandleVerifier [0x00007FF69BEBB0E0+3489152]\n   \tGetHandleVerifier [0x00007FF69BC1E776+750614]\n   \t(No symbol) [0x00007FF69BAF375F]\n   \t(No symbol) [0x00007FF69BAEEB14]\n   \t(No symbol) [0x00007FF69BAEECA2]\n   \t(No symbol) [0x00007FF69BADE16F]\n   \tBaseThreadInitThunk [0x00007FF906BE257D+29]\n   \tRtlUserThreadStart [0x00007FF907E6AF28+40]\n", "test_name": "test_editQuoteNegative1", "rerun": "0"}, "2": {"status": "FAIL", "message": "   selenium.common.exceptions.NoSuchWindowException: Message: no such window: target window already closed\n   from unknown error: web view not found\n     (Session info: chrome=126.0.6478.114)\n   Stacktrace:\n   \tGetHandleVerifier [0x00007FF69BB6EEA2+31554]\n   \t(No symbol) [0x00007FF69BAE7ED9]\n   \t(No symbol) [0x00007FF69B9A872A]\n   \t(No symbol) [0x00007FF69B97D995]\n   \t(No symbol) [0x00007FF69BA244D7]\n   \t(No symbol) [0x00007FF69BA3C051]\n   \t(No symbol) [0x00007FF69BA1CDD3]\n   \t(No symbol) [0x00007FF69B9EA33B]\n   \t(No symbol) [0x00007FF69B9EAED1]\n   \tGetHandleVerifier [0x00007FF69BE78B1D+3217341]\n   \tGetHandleVerifier [0x00007FF69BEC5AE3+3532675]\n   \tGetHandleVerifier [0x00007FF69BEBB0E0+3489152]\n   \tGetHandleVerifier [0x00007FF69BC1E776+750614]\n   \t(No symbol) [0x00007FF69BAF375F]\n   \t(No symbol) [0x00007FF69BAEEB14]\n   \t(No symbol) [0x00007FF69BAEECA2]\n   \t(No symbol) [0x00007FF69BADE16F]\n   \tBaseThreadInitThunk [0x00007FF906BE257D+29]\n   \tRtlUserThreadStart [0x00007FF907E6AF28+40]\n", "test_name": "test_editQuoteNegative2", "rerun": "0"}, "3": {"status": "FAIL", "message": "   selenium.common.exceptions.NoSuchWindowException: Message: no such window: target window already closed\n   from unknown error: web view not found\n     (Session info: chrome=126.0.6478.114)\n   Stacktrace:\n   \tGetHandleVerifier [0x00007FF69BB6EEA2+31554]\n   \t(No symbol) [0x00007FF69BAE7ED9]\n   \t(No symbol) [0x00007FF69B9A872A]\n   \t(No symbol) [0x00007FF69B97D995]\n   \t(No symbol) [0x00007FF69BA244D7]\n   \t(No symbol) [0x00007FF69BA3C051]\n   \t(No symbol) [0x00007FF69BA1CDD3]\n   \t(No symbol) [0x00007FF69B9EA33B]\n   \t(No symbol) [0x00007FF69B9EAED1]\n   \tGetHandleVerifier [0x00007FF69BE78B1D+3217341]\n   \tGetHandleVerifier [0x00007FF69BEC5AE3+3532675]\n   \tGetHandleVerifier [0x00007FF69BEBB0E0+3489152]\n   \tGetHandleVerifier [0x00007FF69BC1E776+750614]\n   \t(No symbol) [0x00007FF69BAF375F]\n   \t(No symbol) [0x00007FF69BAEEB14]\n   \t(No symbol) [0x00007FF69BAEECA2]\n   \t(No symbol) [0x00007FF69BADE16F]\n   \tBaseThreadInitThunk [0x00007FF906BE257D+29]\n   \tRtlUserThreadStart [0x00007FF907E6AF28+40]\n", "test_name": "test_editQuoteNegative3", "rerun": "0"}}, "suite_name": "test_003_editQuote.py"}}}, "date": "June 25, 2024", "start_time": 1719307521.3196387, "total_suite": 1, "status": "FAIL", "status_list": {"pass": "1", "fail": "3", "skip": "0", "error": "0", "xpass": "0", "xfail": "0", "rerun": "0"}, "total_tests": "4"}