{"content": {"suites": {"0": {"status": {"total_pass": 0, "total_skip": 0, "total_xpass": 0, "total_xfail": 0, "total_rerun": 0, "total_fail": 3, "total_error": 0}, "tests": {"0": {"status": "FAIL", "message": "   selenium.common.exceptions.NoSuchElementException: Message: no such element: Unable to locate element: {\"method\":\"xpath\",\"selector\":\"/html/body/div[3]/div[3]/main/section/div[3]/div/div/div[1]/div/div/form/div[2]/span\"}\n     (Session info: chrome=126.0.6478.126); For documentation on this error, please visit: https://www.selenium.dev/documentation/webdriver/troubleshooting/errors#no-such-element-exception\n   Stacktrace:\n   \tGetHandleVerifier [0x00007FF79DB3EEA2+31554]\n   \t(No symbol) [0x00007FF79DAB7ED9]\n   \t(No symbol) [0x00007FF79D97872A]\n   \t(No symbol) [0x00007FF79D9C8434]\n   \t(No symbol) [0x00007FF79D9C853C]\n   \t(No symbol) [0x00007FF79DA0F6A7]\n   \t(No symbol) [0x00007FF79D9ED06F]\n   \t(No symbol) [0x00007FF79DA0C977]\n   \t(No symbol) [0x00007FF79D9ECDD3]\n   \t(No symbol) [0x00007FF79D9BA33B]\n   \t(No symbol) [0x00007FF79D9BAED1]\n   \tGetHandleVerifier [0x00007FF79DE48B1D+3217341]\n   \tGetHandleVerifier [0x00007FF79DE95AE3+3532675]\n   \tGetHandleVerifier [0x00007FF79DE8B0E0+3489152]\n   \tGetHandleVerifier [0x00007FF79DBEE776+750614]\n   \t(No symbol) [0x00007FF79DAC375F]\n   \t(No symbol) [0x00007FF79DABEB14]\n   \t(No symbol) [0x00007FF79DABECA2]\n   \t(No symbol) [0x00007FF79DAAE16F]\n   \tBaseThreadInitThunk [0x00007FF906BE257D+29]\n   \tRtlUserThreadStart [0x00007FF907E6AF28+40]\n", "test_name": "test_editEduExpPositive", "rerun": "0"}, "1": {"status": "FAIL", "message": "           ConnectionResetError: [WinError 10054] An existing connection was forcibly closed by the remote host\n           urllib3.exceptions.ProtocolError: ('Connection aborted.', ConnectionResetError(10054, 'An existing connection was forcibly closed by the remote host', None, 10054, None))\n", "test_name": "test_editEduExpNegative", "rerun": "0"}, "2": {"status": "FAIL", "message": "   selenium.common.exceptions.NoSuchWindowException: Message: no such window: target window already closed\n   from unknown error: web view not found\n     (Session info: chrome=126.0.6478.126)\n   Stacktrace:\n   \tGetHandleVerifier [0x00007FF79DB3EEA2+31554]\n   \t(No symbol) [0x00007FF79DAB7ED9]\n   \t(No symbol) [0x00007FF79D97872A]\n   \t(No symbol) [0x00007FF79D94D995]\n   \t(No symbol) [0x00007FF79D9F44D7]\n   \t(No symbol) [0x00007FF79DA0C051]\n   \t(No symbol) [0x00007FF79D9ECDD3]\n   \t(No symbol) [0x00007FF79D9BA33B]\n   \t(No symbol) [0x00007FF79D9BAED1]\n   \tGetHandleVerifier [0x00007FF79DE48B1D+3217341]\n   \tGetHandleVerifier [0x00007FF79DE95AE3+3532675]\n   \tGetHandleVerifier [0x00007FF79DE8B0E0+3489152]\n   \tGetHandleVerifier [0x00007FF79DBEE776+750614]\n   \t(No symbol) [0x00007FF79DAC375F]\n   \t(No symbol) [0x00007FF79DABEB14]\n   \t(No symbol) [0x00007FF79DABECA2]\n   \t(No symbol) [0x00007FF79DAAE16F]\n   \tBaseThreadInitThunk [0x00007FF906BE257D+29]\n   \tRtlUserThreadStart [0x00007FF907E6AF28+40]\n", "test_name": "test_editEduExpPositive1", "rerun": "0"}}, "suite_name": "test_007_editEduExp.py"}}}, "date": "June 26, 2024", "start_time": 1719379120.0689669, "total_suite": 1, "status": "FAIL", "status_list": {"pass": "0", "fail": "3", "skip": "0", "error": "0", "xpass": "0", "xfail": "0", "rerun": "0"}, "total_tests": "3"}