{"content": {"suites": {"0": {"status": {"total_pass": 0, "total_skip": 0, "total_xpass": 0, "total_xfail": 0, "total_rerun": 0, "total_fail": 4, "total_error": 0}, "tests": {"0": {"status": "FAIL", "message": "   selenium.common.exceptions.NoSuchElementException: Message: no such element: Unable to locate element: {\"method\":\"xpath\",\"selector\":\"/html/body/div[1]/section[1]/nav/main/div[1]/aside[1]/div/span\"}\n     (Session info: chrome=129.0.6668.101); For documentation on this error, please visit: https://www.selenium.dev/documentation/webdriver/troubleshooting/errors#no-such-element-exception\n   Stacktrace:\n   \tGetHandleVerifier [0x00007FF7993FB095+29557]\n   \t(No symbol) [0x00007FF79936FA50]\n   \t(No symbol) [0x00007FF79922B56A]\n   \t(No symbol) [0x00007FF79927F695]\n   \t(No symbol) [0x00007FF79927F8EC]\n   \t(No symbol) [0x00007FF7992CB777]\n   \t(No symbol) [0x00007FF7992A71CF]\n   \t(No symbol) [0x00007FF7992C851C]\n   \t(No symbol) [0x00007FF7992A6F33]\n   \t(No symbol) [0x00007FF79927116F]\n   \t(No symbol) [0x00007FF7992722D1]\n   \tGetHandleVerifier [0x00007FF79972C96D+3378253]\n   \tGetHandleVerifier [0x00007FF799778497+3688311]\n   \tGetHandleVerifier [0x00007FF79976D1CB+3642539]\n   \tGetHandleVerifier [0x00007FF7994BA6B6+813462]\n   \t(No symbol) [0x00007FF79937AB5F]\n   \t(No symbol) [0x00007FF799376B74]\n   \t(No symbol) [0x00007FF799376D10]\n   \t(No symbol) [0x00007FF799365C1F]\n   \tBaseThreadInitThunk [0x00007FFBE74D257D+29]\n   \tRtlUserThreadStart [0x00007FFBE884AF28+40]\n", "test_name": "test_editQuotePositive", "rerun": "0"}, "1": {"status": "FAIL", "message": "   selenium.common.exceptions.NoSuchElementException: Message: no such element: Unable to locate element: {\"method\":\"xpath\",\"selector\":\"/html/body/div[1]/section[1]/nav/main/div[1]/aside[1]/div/span\"}\n     (Session info: chrome=129.0.6668.101); For documentation on this error, please visit: https://www.selenium.dev/documentation/webdriver/troubleshooting/errors#no-such-element-exception\n   Stacktrace:\n   \tGetHandleVerifier [0x00007FF7993FB095+29557]\n   \t(No symbol) [0x00007FF79936FA50]\n   \t(No symbol) [0x00007FF79922B56A]\n   \t(No symbol) [0x00007FF79927F695]\n   \t(No symbol) [0x00007FF79927F8EC]\n   \t(No symbol) [0x00007FF7992CB777]\n   \t(No symbol) [0x00007FF7992A71CF]\n   \t(No symbol) [0x00007FF7992C851C]\n   \t(No symbol) [0x00007FF7992A6F33]\n   \t(No symbol) [0x00007FF79927116F]\n   \t(No symbol) [0x00007FF7992722D1]\n   \tGetHandleVerifier [0x00007FF79972C96D+3378253]\n   \tGetHandleVerifier [0x00007FF799778497+3688311]\n   \tGetHandleVerifier [0x00007FF79976D1CB+3642539]\n   \tGetHandleVerifier [0x00007FF7994BA6B6+813462]\n   \t(No symbol) [0x00007FF79937AB5F]\n   \t(No symbol) [0x00007FF799376B74]\n   \t(No symbol) [0x00007FF799376D10]\n   \t(No symbol) [0x00007FF799365C1F]\n   \tBaseThreadInitThunk [0x00007FFBE74D257D+29]\n   \tRtlUserThreadStart [0x00007FFBE884AF28+40]\n", "test_name": "test_editQuoteNegative1", "rerun": "0"}, "2": {"status": "FAIL", "message": "   selenium.common.exceptions.WebDriverException: Message: target frame detached\n     (failed to check if window was closed: disconnected: Unable to receive message from renderer)\n     (Session info: chrome=129.0.6668.101)\n   Stacktrace:\n   \tGetHandleVerifier [0x00007FF7993FB095+29557]\n   \t(No symbol) [0x00007FF79936FA50]\n   \t(No symbol) [0x00007FF79922B399]\n   \t(No symbol) [0x00007FF799213E8B]\n   \t(No symbol) [0x00007FF799211D65]\n   \t(No symbol) [0x00007FF7992125BF]\n   \t(No symbol) [0x00007FF799220F4E]\n   \t(No symbol) [0x00007FF799239A1D]\n   \t(No symbol) [0x00007FF79923F5BA]\n   \t(No symbol) [0x00007FF799212D24]\n   \t(No symbol) [0x00007FF7992395A0]\n   \t(No symbol) [0x00007FF7992C8861]\n   \t(No symbol) [0x00007FF7992A6F33]\n   \t(No symbol) [0x00007FF79927116F]\n   \t(No symbol) [0x00007FF7992722D1]\n   \tGetHandleVerifier [0x00007FF79972C96D+3378253]\n   \tGetHandleVerifier [0x00007FF799778497+3688311]\n   \tGetHandleVerifier [0x00007FF79976D1CB+3642539]\n   \tGetHandleVerifier [0x00007FF7994BA6B6+813462]\n   \t(No symbol) [0x00007FF79937AB5F]\n   \t(No symbol) [0x00007FF799376B74]\n   \t(No symbol) [0x00007FF799376D10]\n   \t(No symbol) [0x00007FF799365C1F]\n   \tBaseThreadInitThunk [0x00007FFBE74D257D+29]\n   \tRtlUserThreadStart [0x00007FFBE884AF28+40]\n", "test_name": "test_editQuoteNegative2", "rerun": "0"}, "3": {"status": "FAIL", "message": "   selenium.common.exceptions.NoSuchWindowException: Message: no such window: target window already closed\n   from unknown error: web view not found\n     (Session info: chrome=129.0.6668.101)\n   Stacktrace:\n   \tGetHandleVerifier [0x00007FF7993FB095+29557]\n   \t(No symbol) [0x00007FF79936FA50]\n   \t(No symbol) [0x00007FF79922B56A]\n   \t(No symbol) [0x00007FF7991FFCC5]\n   \t(No symbol) [0x00007FF7992AEE07]\n   \t(No symbol) [0x00007FF7992C7E21]\n   \t(No symbol) [0x00007FF7992A6F33]\n   \t(No symbol) [0x00007FF79927116F]\n   \t(No symbol) [0x00007FF7992722D1]\n   \tGetHandleVerifier [0x00007FF79972C96D+3378253]\n   \tGetHandleVerifier [0x00007FF799778497+3688311]\n   \tGetHandleVerifier [0x00007FF79976D1CB+3642539]\n   \tGetHandleVerifier [0x00007FF7994BA6B6+813462]\n   \t(No symbol) [0x00007FF79937AB5F]\n   \t(No symbol) [0x00007FF799376B74]\n   \t(No symbol) [0x00007FF799376D10]\n   \t(No symbol) [0x00007FF799365C1F]\n   \tBaseThreadInitThunk [0x00007FFBE74D257D+29]\n   \tRtlUserThreadStart [0x00007FFBE884AF28+40]\n", "test_name": "test_editQuoteNegative3", "rerun": "0"}}, "suite_name": "test_003_editQuote.py"}}}, "date": "October 17, 2024", "start_time": 1729169626.5403605, "total_suite": 1, "status": "FAIL", "status_list": {"pass": "0", "fail": "4", "skip": "0", "error": "0", "xpass": "0", "xfail": "0", "rerun": "0"}, "total_tests": "4"}