{"content": {"suites": {"0": {"status": {"total_pass": 0, "total_skip": 0, "total_xpass": 0, "total_xfail": 0, "total_rerun": 0, "total_fail": 4, "total_error": 0}, "tests": {"0": {"status": "FAIL", "message": "   selenium.common.exceptions.ElementClickInterceptedException: Message: element click intercepted: Element <img src=\"data:image/svg+xml,%3csvg%20xmlns='http://www.w3.org/2000/svg'%20width='24.389'%20height='15.561'%20viewBox='0%200%2024.389%2015.561'%3e%3cg%20id='Group_8338'%20data-name='Group%208338'%20transform='translate(-758.54)'%3e%3cpath%20id='Path_4194'%20data-name='Path%204194'%20d='M788.283-294.505c-1.611,0-3.222,0-4.833,0a.425.425,0,0,0-.448.275,3.222,3.222,0,0,1-3.031,1.92,3.219,3.219,0,0,1-3.034-1.915.45.45,0,0,0-.481-.28q-2.6.012-5.2,0a1.159,1.159,0,0,1-1.27-1.252,1.146,1.146,0,0,1,.947-1.073,3.12,3.12,0,0,1,.514-.032c1.66,0,3.32-.007,4.98,0a.5.5,0,0,0,.531-.319,3.218,3.218,0,0,1,3.023-1.874,3.2,3.2,0,0,1,2.991,1.865.532.532,0,0,0,.566.328q4.63-.012,9.259-.005c.123,0,.246,0,.369,0a1.172,1.172,0,0,1,1.2,1.187,1.155,1.155,0,0,1-1.211,1.167c-1.254.014-2.508,0-3.763,0Z'%20transform='translate(-11.442%20307.876)'%20fill='%23d6dcdd'/%3e%3cpath%20id='Path_4195'%20data-name='Path%204195'%20d='M776.416-386.37c1.734,0,3.467-.006,5.2.006a.444.444,0,0,0,.47-.292,3.217,3.217,0,0,1,3.041-1.908,3.214,3.214,0,0,1,3.022,1.937.415.415,0,0,0,.451.262q2.287-.012,4.574,0a1.163,1.163,0,0,1,1.129.793,1.091,1.091,0,0,1-.379,1.284,1.667,1.667,0,0,1-.849.27c-1.487.026-2.975.017-4.463.007a.442.442,0,0,0-.474.286,3.217,3.217,0,0,1-3.036,1.914,3.212,3.212,0,0,1-3.024-1.932.439.439,0,0,0-.484-.266q-5.164.006-10.328,0a1.177,1.177,0,0,1-1.279-1.1,1.167,1.167,0,0,1,1.229-1.26C772.949-386.374,774.683-386.37,776.416-386.37Z'%20transform='translate(-11.444%20388.565)'%20fill='%23d6dcdd'/%3e%3c/g%3e%3c/svg%3e\" alt=\"filter\" class=\"navigation__component__icon\"> is not clickable at point (187, 113). Other element would receive the click: <div class=\"settingdd__avatar\">...</div>\n     (Session info: chrome=129.0.6668.101)\n   Stacktrace:\n   \tGetHandleVerifier [0x00007FF7993FB095+29557]\n   \t(No symbol) [0x00007FF79936FA50]\n   \t(No symbol) [0x00007FF79922B56A]\n   \t(No symbol) [0x00007FF79928737E]\n   \t(No symbol) [0x00007FF799284DCC]\n   \t(No symbol) [0x00007FF799282288]\n   \t(No symbol) [0x00007FF79928149A]\n   \t(No symbol) [0x00007FF79927354E]\n   \t(No symbol) [0x00007FF7992A718A]\n   \t(No symbol) [0x00007FF799272E86]\n   \t(No symbol) [0x00007FF7992A73A0]\n   \t(No symbol) [0x00007FF7992C851C]\n   \t(No symbol) [0x00007FF7992A6F33]\n   \t(No symbol) [0x00007FF79927116F]\n   \t(No symbol) [0x00007FF7992722D1]\n   \tGetHandleVerifier [0x00007FF79972C96D+3378253]\n   \tGetHandleVerifier [0x00007FF799778497+3688311]\n   \tGetHandleVerifier [0x00007FF79976D1CB+3642539]\n   \tGetHandleVerifier [0x00007FF7994BA6B6+813462]\n   \t(No symbol) [0x00007FF79937AB5F]\n   \t(No symbol) [0x00007FF799376B74]\n   \t(No symbol) [0x00007FF799376D10]\n   \t(No symbol) [0x00007FF799365C1F]\n   \tBaseThreadInitThunk [0x00007FFBE74D257D+29]\n   \tRtlUserThreadStart [0x00007FFBE884AF28+40]\n", "test_name": "test_editQuotePositive", "rerun": "0"}, "1": {"status": "FAIL", "message": "   selenium.common.exceptions.NoSuchWindowException: Message: no such window: target window already closed\n   from unknown error: web view not found\n     (Session info: chrome=129.0.6668.101)\n   Stacktrace:\n   \tGetHandleVerifier [0x00007FF7993FB095+29557]\n   \t(No symbol) [0x00007FF79936FA50]\n   \t(No symbol) [0x00007FF79922B56A]\n   \t(No symbol) [0x00007FF7991FFCC5]\n   \t(No symbol) [0x00007FF7992AEE07]\n   \t(No symbol) [0x00007FF7992C7E21]\n   \t(No symbol) [0x00007FF7992A6F33]\n   \t(No symbol) [0x00007FF79927116F]\n   \t(No symbol) [0x00007FF7992722D1]\n   \tGetHandleVerifier [0x00007FF79972C96D+3378253]\n   \tGetHandleVerifier [0x00007FF799778497+3688311]\n   \tGetHandleVerifier [0x00007FF79976D1CB+3642539]\n   \tGetHandleVerifier [0x00007FF7994BA6B6+813462]\n   \t(No symbol) [0x00007FF79937AB5F]\n   \t(No symbol) [0x00007FF799376B74]\n   \t(No symbol) [0x00007FF799376D10]\n   \t(No symbol) [0x00007FF799365C1F]\n   \tBaseThreadInitThunk [0x00007FFBE74D257D+29]\n   \tRtlUserThreadStart [0x00007FFBE884AF28+40]\n", "test_name": "test_editQuoteNegative1", "rerun": "0"}, "2": {"status": "FAIL", "message": "   selenium.common.exceptions.WebDriverException: Message: target frame detached\n     (failed to check if window was closed: disconnected: Unable to receive message from renderer)\n     (Session info: chrome=129.0.6668.101)\n   Stacktrace:\n   \tGetHandleVerifier [0x00007FF7993FB095+29557]\n   \t(No symbol) [0x00007FF79936FA50]\n   \t(No symbol) [0x00007FF79922B399]\n   \t(No symbol) [0x00007FF799213E8B]\n   \t(No symbol) [0x00007FF799211D65]\n   \t(No symbol) [0x00007FF7992125BF]\n   \t(No symbol) [0x00007FF799220F4E]\n   \t(No symbol) [0x00007FF799239A1D]\n   \t(No symbol) [0x00007FF79923F5BA]\n   \t(No symbol) [0x00007FF799212D24]\n   \t(No symbol) [0x00007FF7992395A0]\n   \t(No symbol) [0x00007FF7992C8861]\n   \t(No symbol) [0x00007FF7992A6F33]\n   \t(No symbol) [0x00007FF79927116F]\n   \t(No symbol) [0x00007FF7992722D1]\n   \tGetHandleVerifier [0x00007FF79972C96D+3378253]\n   \tGetHandleVerifier [0x00007FF799778497+3688311]\n   \tGetHandleVerifier [0x00007FF79976D1CB+3642539]\n   \tGetHandleVerifier [0x00007FF7994BA6B6+813462]\n   \t(No symbol) [0x00007FF79937AB5F]\n   \t(No symbol) [0x00007FF799376B74]\n   \t(No symbol) [0x00007FF799376D10]\n   \t(No symbol) [0x00007FF799365C1F]\n   \tBaseThreadInitThunk [0x00007FFBE74D257D+29]\n   \tRtlUserThreadStart [0x00007FFBE884AF28+40]\n", "test_name": "test_editQuoteNegative2", "rerun": "0"}, "3": {"status": "FAIL", "message": "   selenium.common.exceptions.NoSuchWindowException: Message: no such window: target window already closed\n   from unknown error: web view not found\n     (Session info: chrome=129.0.6668.101)\n   Stacktrace:\n   \tGetHandleVerifier [0x00007FF7993FB095+29557]\n   \t(No symbol) [0x00007FF79936FA50]\n   \t(No symbol) [0x00007FF79922B56A]\n   \t(No symbol) [0x00007FF7991FFCC5]\n   \t(No symbol) [0x00007FF7992AEE07]\n   \t(No symbol) [0x00007FF7992C7E21]\n   \t(No symbol) [0x00007FF7992A6F33]\n   \t(No symbol) [0x00007FF79927116F]\n   \t(No symbol) [0x00007FF7992722D1]\n   \tGetHandleVerifier [0x00007FF79972C96D+3378253]\n   \tGetHandleVerifier [0x00007FF799778497+3688311]\n   \tGetHandleVerifier [0x00007FF79976D1CB+3642539]\n   \tGetHandleVerifier [0x00007FF7994BA6B6+813462]\n   \t(No symbol) [0x00007FF79937AB5F]\n   \t(No symbol) [0x00007FF799376B74]\n   \t(No symbol) [0x00007FF799376D10]\n   \t(No symbol) [0x00007FF799365C1F]\n   \tBaseThreadInitThunk [0x00007FFBE74D257D+29]\n   \tRtlUserThreadStart [0x00007FFBE884AF28+40]\n", "test_name": "test_editQuoteNegative3", "rerun": "0"}}, "suite_name": "test_003_editQuote.py"}}}, "date": "October 17, 2024", "start_time": 1729169917.3879, "total_suite": 1, "status": "FAIL", "status_list": {"pass": "0", "fail": "4", "skip": "0", "error": "0", "xpass": "0", "xfail": "0", "rerun": "0"}, "total_tests": "4"}