{"content": {"suites": {"0": {"status": {"total_pass": 0, "total_skip": 0, "total_xpass": 0, "total_xfail": 0, "total_rerun": 0, "total_fail": 2, "total_error": 0}, "tests": {"0": {"status": "FAIL", "message": "   selenium.common.exceptions.NoSuchElementException: Message: no such element: Unable to locate element: {\"method\":\"xpath\",\"selector\":\"/html/body/div[1]/div[2]/section[1]/main/div/div/section/div/div[2]/div/form/div/div[2]/div[9]/button[2]\"}\n     (Session info: chrome=126.0.6478.127); For documentation on this error, please visit: https://www.selenium.dev/documentation/webdriver/troubleshooting/errors#no-such-element-exception\n   Stacktrace:\n   \tGetHandleVerifier [0x00007FF76C6BEEA2+31554]\n   \t(No symbol) [0x00007FF76C637ED9]\n   \t(No symbol) [0x00007FF76C4F872A]\n   \t(No symbol) [0x00007FF76C548434]\n   \t(No symbol) [0x00007FF76C54853C]\n   \t(No symbol) [0x00007FF76C58F6A7]\n   \t(No symbol) [0x00007FF76C56D06F]\n   \t(No symbol) [0x00007FF76C58C977]\n   \t(No symbol) [0x00007FF76C56CDD3]\n   \t(No symbol) [0x00007FF76C53A33B]\n   \t(No symbol) [0x00007FF76C53AED1]\n   \tGetHandleVerifier [0x00007FF76C9C8B1D+3217341]\n   \tGetHandleVerifier [0x00007FF76CA15AE3+3532675]\n   \tGetHandleVerifier [0x00007FF76CA0B0E0+3489152]\n   \tGetHandleVerifier [0x00007FF76C76E776+750614]\n   \t(No symbol) [0x00007FF76C64375F]\n   \t(No symbol) [0x00007FF76C63EB14]\n   \t(No symbol) [0x00007FF76C63ECA2]\n   \t(No symbol) [0x00007FF76C62E16F]\n   \tBaseThreadInitThunk [0x00007FF906BE257D+29]\n   \tRtlUserThreadStart [0x00007FF907E6AF28+40]\n", "test_name": "test_projecttypepositive", "rerun": "0"}, "1": {"status": "FAIL", "message": "   selenium.common.exceptions.NoSuchWindowException: Message: no such window: target window already closed\n   from unknown error: web view not found\n     (Session info: chrome=126.0.6478.127)\n   Stacktrace:\n   \tGetHandleVerifier [0x00007FF76C6BEEA2+31554]\n   \t(No symbol) [0x00007FF76C637ED9]\n   \t(No symbol) [0x00007FF76C4F872A]\n   \t(No symbol) [0x00007FF76C4CD995]\n   \t(No symbol) [0x00007FF76C5744D7]\n   \t(No symbol) [0x00007FF76C58C051]\n   \t(No symbol) [0x00007FF76C56CDD3]\n   \t(No symbol) [0x00007FF76C53A33B]\n   \t(No symbol) [0x00007FF76C53AED1]\n   \tGetHandleVerifier [0x00007FF76C9C8B1D+3217341]\n   \tGetHandleVerifier [0x00007FF76CA15AE3+3532675]\n   \tGetHandleVerifier [0x00007FF76CA0B0E0+3489152]\n   \tGetHandleVerifier [0x00007FF76C76E776+750614]\n   \t(No symbol) [0x00007FF76C64375F]\n   \t(No symbol) [0x00007FF76C63EB14]\n   \t(No symbol) [0x00007FF76C63ECA2]\n   \t(No symbol) [0x00007FF76C62E16F]\n   \tBaseThreadInitThunk [0x00007FF906BE257D+29]\n   \tRtlUserThreadStart [0x00007FF907E6AF28+40]\n", "test_name": "test_staffpositive", "rerun": "0"}}, "suite_name": "test_012_postprojects.py"}}}, "date": "July 01, 2024", "start_time": 1719825448.431465, "total_suite": 1, "status": "FAIL", "status_list": {"pass": "0", "fail": "2", "skip": "0", "error": "0", "xpass": "0", "xfail": "0", "rerun": "0"}, "total_tests": "2"}