{"content": {"suites": {"0": {"status": {"total_pass": 4, "total_skip": 0, "total_xpass": 0, "total_xfail": 0, "total_rerun": 0, "total_fail": 2, "total_error": 0}, "tests": {"0": {"status": "PASS", "message": "", "test_name": "test_postfundpositive", "rerun": "0"}, "1": {"status": "PASS", "message": "", "test_name": "test_fundreview", "rerun": "0"}, "2": {"status": "PASS", "message": "", "test_name": "test_fundreport", "rerun": "0"}, "3": {"status": "PASS", "message": "", "test_name": "test_fundcopylink", "rerun": "0"}, "4": {"status": "FAIL", "message": "   selenium.common.exceptions.NoSuchElementException: Message: no such element: Unable to locate element: {\"method\":\"xpath\",\"selector\":\"//p[text()='Save']\"}\n     (Session info: chrome=129.0.6668.101); For documentation on this error, please visit: https://www.selenium.dev/documentation/webdriver/troubleshooting/errors#no-such-element-exception\n   Stacktrace:\n   \tGetHandleVerifier [0x00007FF7CFFEB095+29557]\n   \t(No symbol) [0x00007FF7CFF5FA50]\n   \t(No symbol) [0x00007FF7CFE1B56A]\n   \t(No symbol) [0x00007FF7CFE6F695]\n   \t(No symbol) [0x00007FF7CFE6F8EC]\n   \t(No symbol) [0x00007FF7CFEBB777]\n   \t(No symbol) [0x00007FF7CFE971CF]\n   \t(No symbol) [0x00007FF7CFEB851C]\n   \t(No symbol) [0x00007FF7CFE96F33]\n   \t(No symbol) [0x00007FF7CFE6116F]\n   \t(No symbol) [0x00007FF7CFE622D1]\n   \tGetHandleVerifier [0x00007FF7D031C96D+3378253]\n   \tGetHandleVerifier [0x00007FF7D0368497+3688311]\n   \tGetHandleVerifier [0x00007FF7D035D1CB+3642539]\n   \tGetHandleVerifier [0x00007FF7D00AA6B6+813462]\n   \t(No symbol) [0x00007FF7CFF6AB5F]\n   \t(No symbol) [0x00007FF7CFF66B74]\n   \t(No symbol) [0x00007FF7CFF66D10]\n   \t(No symbol) [0x00007FF7CFF55C1F]\n   \tBaseThreadInitThunk [0x00007FFBE74D257D+29]\n   \tRtlUserThreadStart [0x00007FFBE884AF28+40]\n", "test_name": "test_fundsave", "rerun": "0"}, "5": {"status": "FAIL", "message": "   selenium.common.exceptions.NoSuchElementException: Message: no such element: Unable to locate element: {\"method\":\"xpath\",\"selector\":\"/html/body/div[1]/section[1]/main/div/div[1]/main/section[2]/div/div/main/main[1]/div[6]/div/button[1]/img\"}\n     (Session info: chrome=129.0.6668.101); For documentation on this error, please visit: https://www.selenium.dev/documentation/webdriver/troubleshooting/errors#no-such-element-exception\n   Stacktrace:\n   \tGetHandleVerifier [0x00007FF7CFFEB095+29557]\n   \t(No symbol) [0x00007FF7CFF5FA50]\n   \t(No symbol) [0x00007FF7CFE1B56A]\n   \t(No symbol) [0x00007FF7CFE6F695]\n   \t(No symbol) [0x00007FF7CFE6F8EC]\n   \t(No symbol) [0x00007FF7CFEBB777]\n   \t(No symbol) [0x00007FF7CFE971CF]\n   \t(No symbol) [0x00007FF7CFEB851C]\n   \t(No symbol) [0x00007FF7CFE96F33]\n   \t(No symbol) [0x00007FF7CFE6116F]\n   \t(No symbol) [0x00007FF7CFE622D1]\n   \tGetHandleVerifier [0x00007FF7D031C96D+3378253]\n   \tGetHandleVerifier [0x00007FF7D0368497+3688311]\n   \tGetHandleVerifier [0x00007FF7D035D1CB+3642539]\n   \tGetHandleVerifier [0x00007FF7D00AA6B6+813462]\n   \t(No symbol) [0x00007FF7CFF6AB5F]\n   \t(No symbol) [0x00007FF7CFF66B74]\n   \t(No symbol) [0x00007FF7CFF66D10]\n   \t(No symbol) [0x00007FF7CFF55C1F]\n   \tBaseThreadInitThunk [0x00007FFBE74D257D+29]\n   \tRtlUserThreadStart [0x00007FFBE884AF28+40]\n", "test_name": "test_fundlikeSuperlike", "rerun": "0"}}, "suite_name": "test_014_fundraise.py"}}}, "date": "October 19, 2024", "start_time": 1729317856.9876642, "total_suite": 1, "status": "FAIL", "status_list": {"pass": "4", "fail": "2", "skip": "0", "error": "0", "xpass": "0", "xfail": "0", "rerun": "0"}, "total_tests": "6"}