{"content": {"suites": {"0": {"status": {"total_pass": 1, "total_skip": 0, "total_xpass": 0, "total_xfail": 0, "total_rerun": 0, "total_fail": 0, "total_error": 0}, "tests": {"0": {"status": "PASS", "message": "", "test_name": "test_login", "rerun": "0"}}, "suite_name": "test_000_login.py"}, "1": {"suite_name": "test_003_editQuote.py", "tests": {"0": {"status": "FAIL", "message": "       assert False\n", "test_name": "test_editQuotePositive", "rerun": "0"}, "1": {"status": "PASS", "message": "", "test_name": "test_editQuoteNegative1", "rerun": "0"}, "2": {"status": "PASS", "message": "", "test_name": "test_editQuoteNegative2", "rerun": "0"}, "3": {"status": "FAIL", "message": "   IndexError: list index out of range\n", "test_name": "test_editQuoteNegative3", "rerun": "0"}}, "status": {"total_pass": 2, "total_skip": 0, "total_xpass": 0, "total_xfail": 0, "total_rerun": 0, "total_fail": 2, "total_error": 0}}, "2": {"suite_name": "test_004_editSkill.py", "tests": {"0": {"status": "PASS", "message": "", "test_name": "test_editSkillPositive", "rerun": "0"}, "1": {"status": "PASS", "message": "", "test_name": "test_editSkillNegative", "rerun": "0"}}, "status": {"total_pass": 2, "total_skip": 0, "total_xpass": 0, "total_xfail": 0, "total_rerun": 0, "total_fail": 0, "total_error": 0}}, "3": {"suite_name": "test_005_editAbout.py", "tests": {"0": {"status": "PASS", "message": "", "test_name": "test_editAboutPositive", "rerun": "0"}, "1": {"status": "PASS", "message": "", "test_name": "test_editAboutNegative", "rerun": "0"}, "2": {"status": "PASS", "message": "", "test_name": "test_editAboutPositive2", "rerun": "0"}, "3": {"status": "PASS", "message": "", "test_name": "test_editAboutNegative2", "rerun": "0"}}, "status": {"total_pass": 4, "total_skip": 0, "total_xpass": 0, "total_xfail": 0, "total_rerun": 0, "total_fail": 0, "total_error": 0}}, "4": {"suite_name": "test_006_editBC.py", "tests": {"0": {"status": "FAIL", "message": "   IndexError: list index out of range\n", "test_name": "test_editBCPositive", "rerun": "0"}, "1": {"status": "PASS", "message": "", "test_name": "test_editBCNegative", "rerun": "0"}}, "status": {"total_pass": 1, "total_skip": 0, "total_xpass": 0, "total_xfail": 0, "total_rerun": 0, "total_fail": 1, "total_error": 0}}, "5": {"suite_name": "test_007_editEduExp.py", "tests": {"0": {"status": "PASS", "message": "", "test_name": "test_editEduExpPositive", "rerun": "0"}, "1": {"status": "FAIL", "message": "   IndexError: list index out of range\n", "test_name": "test_editEduExpNegative", "rerun": "0"}}, "status": {"total_pass": 1, "total_skip": 0, "total_xpass": 0, "total_xfail": 0, "total_rerun": 0, "total_fail": 1, "total_error": 0}}, "6": {"suite_name": "test_008_editAchievements.py", "tests": {"0": {"status": "PASS", "message": "", "test_name": "test_editAchievementPositive", "rerun": "0"}, "1": {"status": "PASS", "message": "", "test_name": "test_editAchievementNegative", "rerun": "0"}, "2": {"status": "PASS", "message": "", "test_name": "test_editAchievementDelete", "rerun": "0"}}, "status": {"total_pass": 3, "total_skip": 0, "total_xpass": 0, "total_xfail": 0, "total_rerun": 0, "total_fail": 0, "total_error": 0}}, "7": {"suite_name": "test_009_editMilestone.py", "tests": {"0": {"status": "PASS", "message": "", "test_name": "test_editMilestonePositive", "rerun": "0"}, "1": {"status": "PASS", "message": "", "test_name": "test_editMilestoneNegative", "rerun": "0"}, "2": {"status": "PASS", "message": "", "test_name": "test_editMilestoneDelBin", "rerun": "0"}}, "status": {"total_pass": 3, "total_skip": 0, "total_xpass": 0, "total_xfail": 0, "total_rerun": 0, "total_fail": 0, "total_error": 0}}, "8": {"suite_name": "test_010_editFooter.py", "tests": {"0": {"status": "FAIL", "message": "   selenium.common.exceptions.NoSuchElementException: Message: no such element: Unable to locate element: {\"method\":\"xpath\",\"selector\":\"/html/body/div[1]/div[2]/section[1]/main/div/div/main/section[9]/section/section/div[2]/div\"}\n     (Session info: chrome=123.0.6312.123); For documentation on this error, please visit: https://www.selenium.dev/documentation/webdriver/troubleshooting/errors#no-such-element-exception\n   Stacktrace:\n   \tGetHandleVerifier [0x00007FF6C63E7032+63090]\n   \t(No symbol) [0x00007FF6C6352C82]\n   \t(No symbol) [0x00007FF6C61EEC65]\n   \t(No symbol) [0x00007FF6C623499D]\n   \t(No symbol) [0x00007FF6C6234ADC]\n   \t(No symbol) [0x00007FF6C6275B37]\n   \t(No symbol) [0x00007FF6C625701F]\n   \t(No symbol) [0x00007FF6C6273412]\n   \t(No symbol) [0x00007FF6C6256D83]\n   \t(No symbol) [0x00007FF6C62283A8]\n   \t(No symbol) [0x00007FF6C6229441]\n   \tGetHandleVerifier [0x00007FF6C67E25AD+4238317]\n   \tGetHandleVerifier [0x00007FF6C681F70D+4488525]\n   \tGetHandleVerifier [0x00007FF6C68179EF+4456495]\n   \tGetHandleVerifier [0x00007FF6C64C0576+953270]\n   \t(No symbol) [0x00007FF6C635E54F]\n   \t(No symbol) [0x00007FF6C6359224]\n   \t(No symbol) [0x00007FF6C635935B]\n   \t(No symbol) [0x00007FF6C6349B94]\n   \tBaseThreadInitThunk [0x00007FFCAE64257D+29]\n   \tRtlUserThreadStart [0x00007FFCB04EAA48+40]\n", "test_name": "test_editFooterPositive", "rerun": "0"}, "1": {"status": "FAIL", "message": "   selenium.common.exceptions.NoSuchElementException: Message: no such element: Unable to locate element: {\"method\":\"xpath\",\"selector\":\"/html/body/div[1]/div[2]/section[1]/main/div/div/main/section[9]/section/section/div[2]/div\"}\n     (Session info: chrome=123.0.6312.123); For documentation on this error, please visit: https://www.selenium.dev/documentation/webdriver/troubleshooting/errors#no-such-element-exception\n   Stacktrace:\n   \tGetHandleVerifier [0x00007FF6C63E7032+63090]\n   \t(No symbol) [0x00007FF6C6352C82]\n   \t(No symbol) [0x00007FF6C61EEC65]\n   \t(No symbol) [0x00007FF6C623499D]\n   \t(No symbol) [0x00007FF6C6234ADC]\n   \t(No symbol) [0x00007FF6C6275B37]\n   \t(No symbol) [0x00007FF6C625701F]\n   \t(No symbol) [0x00007FF6C6273412]\n   \t(No symbol) [0x00007FF6C6256D83]\n   \t(No symbol) [0x00007FF6C62283A8]\n   \t(No symbol) [0x00007FF6C6229441]\n   \tGetHandleVerifier [0x00007FF6C67E25AD+4238317]\n   \tGetHandleVerifier [0x00007FF6C681F70D+4488525]\n   \tGetHandleVerifier [0x00007FF6C68179EF+4456495]\n   \tGetHandleVerifier [0x00007FF6C64C0576+953270]\n   \t(No symbol) [0x00007FF6C635E54F]\n   \t(No symbol) [0x00007FF6C6359224]\n   \t(No symbol) [0x00007FF6C635935B]\n   \t(No symbol) [0x00007FF6C6349B94]\n   \tBaseThreadInitThunk [0x00007FFCAE64257D+29]\n   \tRtlUserThreadStart [0x00007FFCB04EAA48+40]\n", "test_name": "test_editFooterCheck", "rerun": "0"}}, "status": {"total_pass": 0, "total_skip": 0, "total_xpass": 0, "total_xfail": 0, "total_rerun": 0, "total_fail": 2, "total_error": 0}}, "9": {"suite_name": "test_011_pjtsLinks.py", "tests": {"0": {"status": "PASS", "message": "", "test_name": "test_addPjtsLinksPositive", "rerun": "0"}, "1": {"status": "PASS", "message": "", "test_name": "test_addPjtsLinksNegative", "rerun": "0"}}, "status": {"total_pass": 2, "total_skip": 0, "total_xpass": 0, "total_xfail": 0, "total_rerun": 0, "total_fail": 0, "total_error": 0}}}}, "date": "April 17, 2024", "start_time": 1713350395.0480173, "total_suite": 10, "status": "FAIL", "status_list": {"pass": "19", "fail": "6", "skip": "0", "error": "0", "xpass": "0", "xfail": "0", "rerun": "0"}, "total_tests": "25"}