{"content": {"suites": {"0": {"status": {"total_pass": 4, "total_skip": 0, "total_xpass": 0, "total_xfail": 0, "total_rerun": 0, "total_fail": 2, "total_error": 0}, "tests": {"0": {"status": "PASS", "message": "", "test_name": "test_projectreview", "rerun": "0"}, "1": {"status": "PASS", "message": "", "test_name": "test_projectreport", "rerun": "0"}, "2": {"status": "PASS", "message": "", "test_name": "test_projectcopylink", "rerun": "0"}, "3": {"status": "PASS", "message": "", "test_name": "test_projectsave", "rerun": "0"}, "4": {"status": "FAIL", "message": "   selenium.common.exceptions.NoSuchElementException: Message: no such element: Unable to locate element: {\"method\":\"xpath\",\"selector\":\"/html/body/div[1]/section[1]/main/div/div[1]/main/section[2]/div/div/main/main[1]/div[6]/div/button[1]\"}\n     (Session info: chrome=129.0.6668.101); For documentation on this error, please visit: https://www.selenium.dev/documentation/webdriver/troubleshooting/errors#no-such-element-exception\n   Stacktrace:\n   \tGetHandleVerifier [0x00007FF77DDDB095+29557]\n   \t(No symbol) [0x00007FF77DD4FA50]\n   \t(No symbol) [0x00007FF77DC0B56A]\n   \t(No symbol) [0x00007FF77DC5F695]\n   \t(No symbol) [0x00007FF77DC5F8EC]\n   \t(No symbol) [0x00007FF77DCAB777]\n   \t(No symbol) [0x00007FF77DC871CF]\n   \t(No symbol) [0x00007FF77DCA851C]\n   \t(No symbol) [0x00007FF77DC86F33]\n   \t(No symbol) [0x00007FF77DC5116F]\n   \t(No symbol) [0x00007FF77DC522D1]\n   \tGetHandleVerifier [0x00007FF77E10C96D+3378253]\n   \tGetHandleVerifier [0x00007FF77E158497+3688311]\n   \tGetHandleVerifier [0x00007FF77E14D1CB+3642539]\n   \tGetHandleVerifier [0x00007FF77DE9A6B6+813462]\n   \t(No symbol) [0x00007FF77DD5AB5F]\n   \t(No symbol) [0x00007FF77DD56B74]\n   \t(No symbol) [0x00007FF77DD56D10]\n   \t(No symbol) [0x00007FF77DD45C1F]\n   \tBaseThreadInitThunk [0x00007FFBE74D257D+29]\n   \tRtlUserThreadStart [0x00007FFBE884AF28+40]\n", "test_name": "test_pjtstaffapplynegative", "rerun": "0"}, "5": {"status": "FAIL", "message": "   selenium.common.exceptions.NoSuchElementException: Message: no such element: Unable to locate element: {\"method\":\"xpath\",\"selector\":\"/html/body/div[1]/section[1]/main/div/div[1]/main/section[2]/div/div/main/main[1]/div[6]/div/button[1]\"}\n     (Session info: chrome=129.0.6668.101); For documentation on this error, please visit: https://www.selenium.dev/documentation/webdriver/troubleshooting/errors#no-such-element-exception\n   Stacktrace:\n   \tGetHandleVerifier [0x00007FF77DDDB095+29557]\n   \t(No symbol) [0x00007FF77DD4FA50]\n   \t(No symbol) [0x00007FF77DC0B56A]\n   \t(No symbol) [0x00007FF77DC5F695]\n   \t(No symbol) [0x00007FF77DC5F8EC]\n   \t(No symbol) [0x00007FF77DCAB777]\n   \t(No symbol) [0x00007FF77DC871CF]\n   \t(No symbol) [0x00007FF77DCA851C]\n   \t(No symbol) [0x00007FF77DC86F33]\n   \t(No symbol) [0x00007FF77DC5116F]\n   \t(No symbol) [0x00007FF77DC522D1]\n   \tGetHandleVerifier [0x00007FF77E10C96D+3378253]\n   \tGetHandleVerifier [0x00007FF77E158497+3688311]\n   \tGetHandleVerifier [0x00007FF77E14D1CB+3642539]\n   \tGetHandleVerifier [0x00007FF77DE9A6B6+813462]\n   \t(No symbol) [0x00007FF77DD5AB5F]\n   \t(No symbol) [0x00007FF77DD56B74]\n   \t(No symbol) [0x00007FF77DD56D10]\n   \t(No symbol) [0x00007FF77DD45C1F]\n   \tBaseThreadInitThunk [0x00007FFBE74D257D+29]\n   \tRtlUserThreadStart [0x00007FFBE884AF28+40]\n", "test_name": "test_pjtstaffapplyPositive", "rerun": "0"}}, "suite_name": "test_013_applyproject.py"}}}, "date": "October 19, 2024", "start_time": 1729333461.6167743, "total_suite": 1, "status": "FAIL", "status_list": {"pass": "4", "fail": "2", "skip": "0", "error": "0", "xpass": "0", "xfail": "0", "rerun": "0"}, "total_tests": "6"}