{"content": {"suites": {"0": {"status": {"total_pass": 0, "total_skip": 0, "total_xpass": 0, "total_xfail": 0, "total_rerun": 0, "total_fail": 2, "total_error": 0}, "tests": {"0": {"status": "FAIL", "message": "   selenium.common.exceptions.NoSuchWindowException: Message: no such window: target window already closed\n   from unknown error: web view not found\n     (Session info: chrome=126.0.6478.127)\n   Stacktrace:\n   \tGetHandleVerifier [0x00007FF69118EEA2+31554]\n   \t(No symbol) [0x00007FF691107ED9]\n   \t(No symbol) [0x00007FF690FC872A]\n   \t(No symbol) [0x00007FF690F9D995]\n   \t(No symbol) [0x00007FF6910444D7]\n   \t(No symbol) [0x00007FF69105C051]\n   \t(No symbol) [0x00007FF69103CDD3]\n   \t(No symbol) [0x00007FF69100A33B]\n   \t(No symbol) [0x00007FF69100AED1]\n   \tGetHandleVerifier [0x00007FF691498B1D+3217341]\n   \tGetHandleVerifier [0x00007FF6914E5AE3+3532675]\n   \tGetHandleVerifier [0x00007FF6914DB0E0+3489152]\n   \tGetHandleVerifier [0x00007FF69123E776+750614]\n   \t(No symbol) [0x00007FF69111375F]\n   \t(No symbol) [0x00007FF69110EB14]\n   \t(No symbol) [0x00007FF69110ECA2]\n   \t(No symbol) [0x00007FF6910FE16F]\n   \tBaseThreadInitThunk [0x00007FF906BE257D+29]\n   \tRtlUserThreadStart [0x00007FF907E6AF28+40]\n", "test_name": "test_editSkillPositive", "rerun": "0"}, "1": {"status": "FAIL", "message": "   selenium.common.exceptions.WebDriverException: Message: unknown error: cannot determine loading status\n   from target frame detached\n     (Session info: chrome=126.0.6478.127)\n   Stacktrace:\n   \tGetHandleVerifier [0x00007FF69118EEA2+31554]\n   \t(No symbol) [0x00007FF691107ED9]\n   \t(No symbol) [0x00007FF690FC8559]\n   \t(No symbol) [0x00007FF690FB0C81]\n   \t(No symbol) [0x00007FF690FAEC6D]\n   \t(No symbol) [0x00007FF690FAF47F]\n   \t(No symbol) [0x00007FF690FBEB00]\n   \t(No symbol) [0x00007FF690FD674F]\n   \t(No symbol) [0x00007FF690FDC16A]\n   \t(No symbol) [0x00007FF690FAFC0A]\n   \t(No symbol) [0x00007FF690FD630D]\n   \t(No symbol) [0x00007FF69105CCD5]\n   \t(No symbol) [0x00007FF69103CDD3]\n   \t(No symbol) [0x00007FF69100A33B]\n   \t(No symbol) [0x00007FF69100AED1]\n   \tGetHandleVerifier [0x00007FF691498B1D+3217341]\n   \tGetHandleVerifier [0x00007FF6914E5AE3+3532675]\n   \tGetHandleVerifier [0x00007FF6914DB0E0+3489152]\n   \tGetHandleVerifier [0x00007FF69123E776+750614]\n   \t(No symbol) [0x00007FF69111375F]\n   \t(No symbol) [0x00007FF69110EB14]\n   \t(No symbol) [0x00007FF69110ECA2]\n   \t(No symbol) [0x00007FF6910FE16F]\n   \tBaseThreadInitThunk [0x00007FF906BE257D+29]\n   \tRtlUserThreadStart [0x00007FF907E6AF28+40]\n", "test_name": "test_editSkillNegative", "rerun": "0"}}, "suite_name": "test_004_editSkill.py"}}}, "date": "July 02, 2024", "start_time": 1719906838.287866, "total_suite": 1, "status": "FAIL", "status_list": {"pass": "0", "fail": "2", "skip": "0", "error": "0", "xpass": "0", "xfail": "0", "rerun": "0"}, "total_tests": "2"}