{"content": {"suites": {"0": {"status": {"total_pass": 0, "total_skip": 0, "total_xpass": 0, "total_xfail": 0, "total_rerun": 0, "total_fail": 3, "total_error": 0}, "tests": {"0": {"status": "FAIL", "message": "   selenium.common.exceptions.ElementClickInterceptedException: Message: element click intercepted: Element <i class=\"fa-solid fa-plus profIcoSty cp\"></i> is not clickable at point (1408, 7). Other element would receive the click: <main class=\"display-flex-aic-jcsb navbar-parent\">...</main>\n     (Session info: chrome=126.0.6478.126)\n   Stacktrace:\n   \tGetHandleVerifier [0x00007FF79DB3EEA2+31554]\n   \t(No symbol) [0x00007FF79DAB7ED9]\n   \t(No symbol) [0x00007FF79D97872A]\n   \t(No symbol) [0x00007FF79D9D012E]\n   \t(No symbol) [0x00007FF79D9CDAF2]\n   \t(No symbol) [0x00007FF79D9CAF8B]\n   \t(No symbol) [0x00007FF79D9CA156]\n   \t(No symbol) [0x00007FF79D9BC151]\n   \t(No symbol) [0x00007FF79D9ED02A]\n   \t(No symbol) [0x00007FF79D9BBA76]\n   \t(No symbol) [0x00007FF79D9ED240]\n   \t(No symbol) [0x00007FF79DA0C977]\n   \t(No symbol) [0x00007FF79D9ECDD3]\n   \t(No symbol) [0x00007FF79D9BA33B]\n   \t(No symbol) [0x00007FF79D9BAED1]\n   \tGetHandleVerifier [0x00007FF79DE48B1D+3217341]\n   \tGetHandleVerifier [0x00007FF79DE95AE3+3532675]\n   \tGetHandleVerifier [0x00007FF79DE8B0E0+3489152]\n   \tGetHandleVerifier [0x00007FF79DBEE776+750614]\n   \t(No symbol) [0x00007FF79DAC375F]\n   \t(No symbol) [0x00007FF79DABEB14]\n   \t(No symbol) [0x00007FF79DABECA2]\n   \t(No symbol) [0x00007FF79DAAE16F]\n   \tBaseThreadInitThunk [0x00007FF906BE257D+29]\n   \tRtlUserThreadStart [0x00007FF907E6AF28+40]\n", "test_name": "test_editAchievementPositive", "rerun": "0"}, "1": {"status": "FAIL", "message": "   selenium.common.exceptions.WebDriverException: Message: unknown error: cannot determine loading status\n   from target frame detached\n     (Session info: chrome=126.0.6478.126)\n   Stacktrace:\n   \tGetHandleVerifier [0x00007FF79DB3EEA2+31554]\n   \t(No symbol) [0x00007FF79DAB7ED9]\n   \t(No symbol) [0x00007FF79D978559]\n   \t(No symbol) [0x00007FF79D960C81]\n   \t(No symbol) [0x00007FF79D95EC6D]\n   \t(No symbol) [0x00007FF79D95F47F]\n   \t(No symbol) [0x00007FF79D96EB00]\n   \t(No symbol) [0x00007FF79D98674F]\n   \t(No symbol) [0x00007FF79D98C16A]\n   \t(No symbol) [0x00007FF79D95FC0A]\n   \t(No symbol) [0x00007FF79D98630D]\n   \t(No symbol) [0x00007FF79DA0CCD5]\n   \t(No symbol) [0x00007FF79D9ECDD3]\n   \t(No symbol) [0x00007FF79D9BA33B]\n   \t(No symbol) [0x00007FF79D9BAED1]\n   \tGetHandleVerifier [0x00007FF79DE48B1D+3217341]\n   \tGetHandleVerifier [0x00007FF79DE95AE3+3532675]\n   \tGetHandleVerifier [0x00007FF79DE8B0E0+3489152]\n   \tGetHandleVerifier [0x00007FF79DBEE776+750614]\n   \t(No symbol) [0x00007FF79DAC375F]\n   \t(No symbol) [0x00007FF79DABEB14]\n   \t(No symbol) [0x00007FF79DABECA2]\n   \t(No symbol) [0x00007FF79DAAE16F]\n   \tBaseThreadInitThunk [0x00007FF906BE257D+29]\n   \tRtlUserThreadStart [0x00007FF907E6AF28+40]\n", "test_name": "test_editAchievementNegative", "rerun": "0"}, "2": {"status": "FAIL", "message": "   selenium.common.exceptions.NoSuchWindowException: Message: no such window: target window already closed\n   from unknown error: web view not found\n     (Session info: chrome=126.0.6478.126)\n   Stacktrace:\n   \tGetHandleVerifier [0x00007FF79DB3EEA2+31554]\n   \t(No symbol) [0x00007FF79DAB7ED9]\n   \t(No symbol) [0x00007FF79D97872A]\n   \t(No symbol) [0x00007FF79D94D995]\n   \t(No symbol) [0x00007FF79D9F44D7]\n   \t(No symbol) [0x00007FF79DA0C051]\n   \t(No symbol) [0x00007FF79D9ECDD3]\n   \t(No symbol) [0x00007FF79D9BA33B]\n   \t(No symbol) [0x00007FF79D9BAED1]\n   \tGetHandleVerifier [0x00007FF79DE48B1D+3217341]\n   \tGetHandleVerifier [0x00007FF79DE95AE3+3532675]\n   \tGetHandleVerifier [0x00007FF79DE8B0E0+3489152]\n   \tGetHandleVerifier [0x00007FF79DBEE776+750614]\n   \t(No symbol) [0x00007FF79DAC375F]\n   \t(No symbol) [0x00007FF79DABEB14]\n   \t(No symbol) [0x00007FF79DABECA2]\n   \t(No symbol) [0x00007FF79DAAE16F]\n   \tBaseThreadInitThunk [0x00007FF906BE257D+29]\n   \tRtlUserThreadStart [0x00007FF907E6AF28+40]\n", "test_name": "test_editAchievementDelete", "rerun": "0"}}, "suite_name": "test_008_editAchievements.py"}}}, "date": "June 26, 2024", "start_time": 1719380297.7659664, "total_suite": 1, "status": "FAIL", "status_list": {"pass": "0", "fail": "3", "skip": "0", "error": "0", "xpass": "0", "xfail": "0", "rerun": "0"}, "total_tests": "3"}