{"content": {"suites": {"0": {"status": {"total_pass": 0, "total_skip": 0, "total_xpass": 0, "total_xfail": 0, "total_rerun": 0, "total_fail": 3, "total_error": 0}, "tests": {"0": {"status": "FAIL", "message": "   IndexError: list index out of range\n", "test_name": "test_editEduExpPositive", "rerun": "0"}, "1": {"status": "FAIL", "message": "   selenium.common.exceptions.NoSuchWindowException: Message: no such window: target window already closed\n   from unknown error: web view not found\n     (Session info: chrome=126.0.6478.114)\n   Stacktrace:\n   \tGetHandleVerifier [0x00007FF69BB6EEA2+31554]\n   \t(No symbol) [0x00007FF69BAE7ED9]\n   \t(No symbol) [0x00007FF69B9A872A]\n   \t(No symbol) [0x00007FF69B97D995]\n   \t(No symbol) [0x00007FF69BA244D7]\n   \t(No symbol) [0x00007FF69BA3C051]\n   \t(No symbol) [0x00007FF69BA1CDD3]\n   \t(No symbol) [0x00007FF69B9EA33B]\n   \t(No symbol) [0x00007FF69B9EAED1]\n   \tGetHandleVerifier [0x00007FF69BE78B1D+3217341]\n   \tGetHandleVerifier [0x00007FF69BEC5AE3+3532675]\n   \tGetHandleVerifier [0x00007FF69BEBB0E0+3489152]\n   \tGetHandleVerifier [0x00007FF69BC1E776+750614]\n   \t(No symbol) [0x00007FF69BAF375F]\n   \t(No symbol) [0x00007FF69BAEEB14]\n   \t(No symbol) [0x00007FF69BAEECA2]\n   \t(No symbol) [0x00007FF69BADE16F]\n   \tBaseThreadInitThunk [0x00007FF906BE257D+29]\n   \tRtlUserThreadStart [0x00007FF907E6AF28+40]\n", "test_name": "test_editEduExpNegative", "rerun": "0"}, "2": {"status": "FAIL", "message": "   selenium.common.exceptions.NoSuchWindowException: Message: no such window: target window already closed\n   from unknown error: web view not found\n     (Session info: chrome=126.0.6478.114)\n   Stacktrace:\n   \tGetHandleVerifier [0x00007FF69BB6EEA2+31554]\n   \t(No symbol) [0x00007FF69BAE7ED9]\n   \t(No symbol) [0x00007FF69B9A872A]\n   \t(No symbol) [0x00007FF69B97D995]\n   \t(No symbol) [0x00007FF69BA244D7]\n   \t(No symbol) [0x00007FF69BA3C051]\n   \t(No symbol) [0x00007FF69BA1CDD3]\n   \t(No symbol) [0x00007FF69B9EA33B]\n   \t(No symbol) [0x00007FF69B9EAED1]\n   \tGetHandleVerifier [0x00007FF69BE78B1D+3217341]\n   \tGetHandleVerifier [0x00007FF69BEC5AE3+3532675]\n   \tGetHandleVerifier [0x00007FF69BEBB0E0+3489152]\n   \tGetHandleVerifier [0x00007FF69BC1E776+750614]\n   \t(No symbol) [0x00007FF69BAF375F]\n   \t(No symbol) [0x00007FF69BAEEB14]\n   \t(No symbol) [0x00007FF69BAEECA2]\n   \t(No symbol) [0x00007FF69BADE16F]\n   \tBaseThreadInitThunk [0x00007FF906BE257D+29]\n   \tRtlUserThreadStart [0x00007FF907E6AF28+40]\n", "test_name": "test_editEduExpPositive1", "rerun": "0"}}, "suite_name": "test_007_editEduExp.py"}}}, "date": "June 25, 2024", "start_time": 1719321859.2527754, "total_suite": 1, "status": "FAIL", "status_list": {"pass": "0", "fail": "3", "skip": "0", "error": "0", "xpass": "0", "xfail": "0", "rerun": "0"}, "total_tests": "3"}