{"content": {"suites": {"0": {"status": {"total_pass": 9, "total_skip": 0, "total_xpass": 0, "total_xfail": 0, "total_rerun": 0, "total_fail": 1, "total_error": 0}, "tests": {"0": {"status": "PASS", "message": "", "test_name": "test_postfundnegative1", "rerun": "0"}, "1": {"status": "PASS", "message": "", "test_name": "test_postfundnegative2", "rerun": "0"}, "2": {"status": "PASS", "message": "", "test_name": "test_postfundpositive", "rerun": "0"}, "3": {"status": "PASS", "message": "", "test_name": "test_fundreview", "rerun": "0"}, "4": {"status": "PASS", "message": "", "test_name": "test_fundreport", "rerun": "0"}, "5": {"status": "PASS", "message": "", "test_name": "test_fundcopylink", "rerun": "0"}, "6": {"status": "PASS", "message": "", "test_name": "test_fundsave", "rerun": "0"}, "7": {"status": "PASS", "message": "", "test_name": "test_fundlikeSuperlike", "rerun": "0"}, "8": {"status": "PASS", "message": "", "test_name": "test_fundnotinterested", "rerun": "0"}, "9": {"status": "FAIL", "message": "       assert False\n", "test_name": "test_fundASOC", "rerun": "0"}}, "suite_name": "test_014_fundraise.py"}, "1": {"suite_name": "test_016_followfollowers.py", "tests": {"0": {"status": "FAIL", "message": "   selenium.common.exceptions.NoSuchElementException: Message: no such element: Unable to locate element: {\"method\":\"xpath\",\"selector\":\"/html/body/div[1]/section[1]/nav/main/div[1]/aside[2]/div[2]/img\"}\n     (Session info: chrome=126.0.6478.127); For documentation on this error, please visit: https://www.selenium.dev/documentation/webdriver/troubleshooting/errors#no-such-element-exception\n   Stacktrace:\n   \tGetHandleVerifier [0x00007FF6FD48EEA2+31554]\n   \t(No symbol) [0x00007FF6FD407ED9]\n   \t(No symbol) [0x00007FF6FD2C872A]\n   \t(No symbol) [0x00007FF6FD318434]\n   \t(No symbol) [0x00007FF6FD31853C]\n   \t(No symbol) [0x00007FF6FD35F6A7]\n   \t(No symbol) [0x00007FF6FD33D06F]\n   \t(No symbol) [0x00007FF6FD35C977]\n   \t(No symbol) [0x00007FF6FD33CDD3]\n   \t(No symbol) [0x00007FF6FD30A33B]\n   \t(No symbol) [0x00007FF6FD30AED1]\n   \tGetHandleVerifier [0x00007FF6FD798B1D+3217341]\n   \tGetHandleVerifier [0x00007FF6FD7E5AE3+3532675]\n   \tGetHandleVerifier [0x00007FF6FD7DB0E0+3489152]\n   \tGetHandleVerifier [0x00007FF6FD53E776+750614]\n   \t(No symbol) [0x00007FF6FD41375F]\n   \t(No symbol) [0x00007FF6FD40EB14]\n   \t(No symbol) [0x00007FF6FD40ECA2]\n   \t(No symbol) [0x00007FF6FD3FE16F]\n   \tBaseThreadInitThunk [0x00007FF906BE257D+29]\n   \tRtlUserThreadStart [0x00007FF907E6AF28+40]\n", "test_name": "test_followfollowers", "rerun": "0"}}, "status": {"total_pass": 0, "total_skip": 0, "total_xpass": 0, "total_xfail": 0, "total_rerun": 0, "total_fail": 1, "total_error": 0}}, "2": {"suite_name": "test_017_projectsubscription.py", "tests": {"0": {"status": "FAIL", "message": "   selenium.common.exceptions.NoSuchElementException: Message: no such element: Unable to locate element: {\"method\":\"xpath\",\"selector\":\"/html/body/div[1]/div[2]/section[1]/main/div/div/section/div/div[2]/div/form/div/div[2]/div[8]/div/div/div[2]/div/div[1]\"}\n     (Session info: chrome=126.0.6478.127); For documentation on this error, please visit: https://www.selenium.dev/documentation/webdriver/troubleshooting/errors#no-such-element-exception\n   Stacktrace:\n   \tGetHandleVerifier [0x00007FF6FD48EEA2+31554]\n   \t(No symbol) [0x00007FF6FD407ED9]\n   \t(No symbol) [0x00007FF6FD2C872A]\n   \t(No symbol) [0x00007FF6FD318434]\n   \t(No symbol) [0x00007FF6FD31853C]\n   \t(No symbol) [0x00007FF6FD35F6A7]\n   \t(No symbol) [0x00007FF6FD33D06F]\n   \t(No symbol) [0x00007FF6FD35C977]\n   \t(No symbol) [0x00007FF6FD33CDD3]\n   \t(No symbol) [0x00007FF6FD30A33B]\n   \t(No symbol) [0x00007FF6FD30AED1]\n   \tGetHandleVerifier [0x00007FF6FD798B1D+3217341]\n   \tGetHandleVerifier [0x00007FF6FD7E5AE3+3532675]\n   \tGetHandleVerifier [0x00007FF6FD7DB0E0+3489152]\n   \tGetHandleVerifier [0x00007FF6FD53E776+750614]\n   \t(No symbol) [0x00007FF6FD41375F]\n   \t(No symbol) [0x00007FF6FD40EB14]\n   \t(No symbol) [0x00007FF6FD40ECA2]\n   \t(No symbol) [0x00007FF6FD3FE16F]\n   \tBaseThreadInitThunk [0x00007FF906BE257D+29]\n   \tRtlUserThreadStart [0x00007FF907E6AF28+40]\n", "test_name": "test_projecttypesubscription", "rerun": "0"}}, "status": {"total_pass": 0, "total_skip": 0, "total_xpass": 0, "total_xfail": 0, "total_rerun": 0, "total_fail": 1, "total_error": 0}}}}, "date": "July 05, 2024", "start_time": 1720160059.0436385, "total_suite": 3, "status": "FAIL", "status_list": {"pass": "9", "fail": "3", "skip": "0", "error": "0", "xpass": "0", "xfail": "0", "rerun": "0"}, "total_tests": "12"}