{"content": {"suites": {"0": {"status": {"total_pass": 0, "total_skip": 0, "total_xpass": 0, "total_xfail": 0, "total_rerun": 0, "total_fail": 1, "total_error": 0}, "tests": {"0": {"status": "FAIL", "message": "       assert False\n", "test_name": "test_login", "rerun": "0"}}, "suite_name": "test_000_login.py"}, "1": {"suite_name": "test_002_companyRegistration.py", "tests": {"0": {"status": "PASS", "message": "", "test_name": "test_positivecompanyRegistration", "rerun": "0"}, "1": {"status": "PASS", "message": "", "test_name": "test_negativecompanyRegistration", "rerun": "0"}, "2": {"status": "PASS", "message": "", "test_name": "test_Signupnegative1Home", "rerun": "0"}, "3": {"status": "PASS", "message": "", "test_name": "test_Signupnegative2Home", "rerun": "0"}, "4": {"status": "FAIL", "message": "   selenium.common.exceptions.NoSuchWindowException: Message: no such window: target window already closed\n   from unknown error: web view not found\n     (Session info: chrome=126.0.6478.127)\n   Stacktrace:\n   \tGetHandleVerifier [0x00007FF6108CEEA2+31554]\n   \t(No symbol) [0x00007FF610847ED9]\n   \t(No symbol) [0x00007FF61070872A]\n   \t(No symbol) [0x00007FF6106DD995]\n   \t(No symbol) [0x00007FF6107844D7]\n   \t(No symbol) [0x00007FF61079C051]\n   \t(No symbol) [0x00007FF61077CDD3]\n   \t(No symbol) [0x00007FF61074A33B]\n   \t(No symbol) [0x00007FF61074AED1]\n   \tGetHandleVerifier [0x00007FF610BD8B1D+3217341]\n   \tGetHandleVerifier [0x00007FF610C25AE3+3532675]\n   \tGetHandleVerifier [0x00007FF610C1B0E0+3489152]\n   \tGetHandleVerifier [0x00007FF61097E776+750614]\n   \t(No symbol) [0x00007FF61085375F]\n   \t(No symbol) [0x00007FF61084EB14]\n   \t(No symbol) [0x00007FF61084ECA2]\n   \t(No symbol) [0x00007FF61083E16F]\n   \tBaseThreadInitThunk [0x00007FF906BE257D+29]\n   \tRtlUserThreadStart [0x00007FF907E6AF28+40]\n", "test_name": "test_Signupnegative3Home", "rerun": "0"}, "5": {"status": "FAIL", "message": "   selenium.common.exceptions.NoSuchWindowException: Message: no such window: target window already closed\n   from unknown error: web view not found\n     (Session info: chrome=126.0.6478.127)\n   Stacktrace:\n   \tGetHandleVerifier [0x00007FF6108CEEA2+31554]\n   \t(No symbol) [0x00007FF610847ED9]\n   \t(No symbol) [0x00007FF61070872A]\n   \t(No symbol) [0x00007FF6106DD995]\n   \t(No symbol) [0x00007FF6107844D7]\n   \t(No symbol) [0x00007FF61079C051]\n   \t(No symbol) [0x00007FF61077CDD3]\n   \t(No symbol) [0x00007FF61074A33B]\n   \t(No symbol) [0x00007FF61074AED1]\n   \tGetHandleVerifier [0x00007FF610BD8B1D+3217341]\n   \tGetHandleVerifier [0x00007FF610C25AE3+3532675]\n   \tGetHandleVerifier [0x00007FF610C1B0E0+3489152]\n   \tGetHandleVerifier [0x00007FF61097E776+750614]\n   \t(No symbol) [0x00007FF61085375F]\n   \t(No symbol) [0x00007FF61084EB14]\n   \t(No symbol) [0x00007FF61084ECA2]\n   \t(No symbol) [0x00007FF61083E16F]\n   \tBaseThreadInitThunk [0x00007FF906BE257D+29]\n   \tRtlUserThreadStart [0x00007FF907E6AF28+40]\n", "test_name": "test_Signupnegative4Home", "rerun": "0"}, "6": {"status": "FAIL", "message": "   selenium.common.exceptions.NoSuchWindowException: Message: no such window: target window already closed\n   from unknown error: web view not found\n     (Session info: chrome=126.0.6478.127)\n   Stacktrace:\n   \tGetHandleVerifier [0x00007FF6108CEEA2+31554]\n   \t(No symbol) [0x00007FF610847ED9]\n   \t(No symbol) [0x00007FF61070872A]\n   \t(No symbol) [0x00007FF6106DD995]\n   \t(No symbol) [0x00007FF6107844D7]\n   \t(No symbol) [0x00007FF61079C051]\n   \t(No symbol) [0x00007FF61077CDD3]\n   \t(No symbol) [0x00007FF61074A33B]\n   \t(No symbol) [0x00007FF61074AED1]\n   \tGetHandleVerifier [0x00007FF610BD8B1D+3217341]\n   \tGetHandleVerifier [0x00007FF610C25AE3+3532675]\n   \tGetHandleVerifier [0x00007FF610C1B0E0+3489152]\n   \tGetHandleVerifier [0x00007FF61097E776+750614]\n   \t(No symbol) [0x00007FF61085375F]\n   \t(No symbol) [0x00007FF61084EB14]\n   \t(No symbol) [0x00007FF61084ECA2]\n   \t(No symbol) [0x00007FF61083E16F]\n   \tBaseThreadInitThunk [0x00007FF906BE257D+29]\n   \tRtlUserThreadStart [0x00007FF907E6AF28+40]\n", "test_name": "test_Signupnegative5Home", "rerun": "0"}}, "status": {"total_pass": 4, "total_skip": 0, "total_xpass": 0, "total_xfail": 0, "total_rerun": 0, "total_fail": 3, "total_error": 0}}, "2": {"suite_name": "test_003_editQuote.py", "tests": {"0": {"status": "FAIL", "message": "   selenium.common.exceptions.NoSuchWindowException: Message: no such window: target window already closed\n   from unknown error: web view not found\n     (Session info: chrome=126.0.6478.127)\n   Stacktrace:\n   \tGetHandleVerifier [0x00007FF6108CEEA2+31554]\n   \t(No symbol) [0x00007FF610847ED9]\n   \t(No symbol) [0x00007FF61070872A]\n   \t(No symbol) [0x00007FF6106DD995]\n   \t(No symbol) [0x00007FF6107844D7]\n   \t(No symbol) [0x00007FF61079C051]\n   \t(No symbol) [0x00007FF61077CDD3]\n   \t(No symbol) [0x00007FF61074A33B]\n   \t(No symbol) [0x00007FF61074AED1]\n   \tGetHandleVerifier [0x00007FF610BD8B1D+3217341]\n   \tGetHandleVerifier [0x00007FF610C25AE3+3532675]\n   \tGetHandleVerifier [0x00007FF610C1B0E0+3489152]\n   \tGetHandleVerifier [0x00007FF61097E776+750614]\n   \t(No symbol) [0x00007FF61085375F]\n   \t(No symbol) [0x00007FF61084EB14]\n   \t(No symbol) [0x00007FF61084ECA2]\n   \t(No symbol) [0x00007FF61083E16F]\n   \tBaseThreadInitThunk [0x00007FF906BE257D+29]\n   \tRtlUserThreadStart [0x00007FF907E6AF28+40]\n", "test_name": "test_editQuotePositive", "rerun": "0"}, "1": {"status": "FAIL", "message": "   selenium.common.exceptions.NoSuchWindowException: Message: no such window: target window already closed\n   from unknown error: web view not found\n     (Session info: chrome=126.0.6478.127)\n   Stacktrace:\n   \tGetHandleVerifier [0x00007FF6108CEEA2+31554]\n   \t(No symbol) [0x00007FF610847ED9]\n   \t(No symbol) [0x00007FF61070872A]\n   \t(No symbol) [0x00007FF6106DD995]\n   \t(No symbol) [0x00007FF6107844D7]\n   \t(No symbol) [0x00007FF61079C051]\n   \t(No symbol) [0x00007FF61077CDD3]\n   \t(No symbol) [0x00007FF61074A33B]\n   \t(No symbol) [0x00007FF61074AED1]\n   \tGetHandleVerifier [0x00007FF610BD8B1D+3217341]\n   \tGetHandleVerifier [0x00007FF610C25AE3+3532675]\n   \tGetHandleVerifier [0x00007FF610C1B0E0+3489152]\n   \tGetHandleVerifier [0x00007FF61097E776+750614]\n   \t(No symbol) [0x00007FF61085375F]\n   \t(No symbol) [0x00007FF61084EB14]\n   \t(No symbol) [0x00007FF61084ECA2]\n   \t(No symbol) [0x00007FF61083E16F]\n   \tBaseThreadInitThunk [0x00007FF906BE257D+29]\n   \tRtlUserThreadStart [0x00007FF907E6AF28+40]\n", "test_name": "test_editQuoteNegative1", "rerun": "0"}, "2": {"status": "FAIL", "message": "   selenium.common.exceptions.NoSuchWindowException: Message: no such window: target window already closed\n   from unknown error: web view not found\n     (Session info: chrome=126.0.6478.127)\n   Stacktrace:\n   \tGetHandleVerifier [0x00007FF6108CEEA2+31554]\n   \t(No symbol) [0x00007FF610847ED9]\n   \t(No symbol) [0x00007FF61070872A]\n   \t(No symbol) [0x00007FF6106DD995]\n   \t(No symbol) [0x00007FF6107844D7]\n   \t(No symbol) [0x00007FF61079C051]\n   \t(No symbol) [0x00007FF61077CDD3]\n   \t(No symbol) [0x00007FF61074A33B]\n   \t(No symbol) [0x00007FF61074AED1]\n   \tGetHandleVerifier [0x00007FF610BD8B1D+3217341]\n   \tGetHandleVerifier [0x00007FF610C25AE3+3532675]\n   \tGetHandleVerifier [0x00007FF610C1B0E0+3489152]\n   \tGetHandleVerifier [0x00007FF61097E776+750614]\n   \t(No symbol) [0x00007FF61085375F]\n   \t(No symbol) [0x00007FF61084EB14]\n   \t(No symbol) [0x00007FF61084ECA2]\n   \t(No symbol) [0x00007FF61083E16F]\n   \tBaseThreadInitThunk [0x00007FF906BE257D+29]\n   \tRtlUserThreadStart [0x00007FF907E6AF28+40]\n", "test_name": "test_editQuoteNegative2", "rerun": "0"}, "3": {"status": "FAIL", "message": "   selenium.common.exceptions.NoSuchWindowException: Message: no such window: target window already closed\n   from unknown error: web view not found\n     (Session info: chrome=126.0.6478.127)\n   Stacktrace:\n   \tGetHandleVerifier [0x00007FF6108CEEA2+31554]\n   \t(No symbol) [0x00007FF610847ED9]\n   \t(No symbol) [0x00007FF61070872A]\n   \t(No symbol) [0x00007FF6106DD995]\n   \t(No symbol) [0x00007FF6107844D7]\n   \t(No symbol) [0x00007FF61079C051]\n   \t(No symbol) [0x00007FF61077CDD3]\n   \t(No symbol) [0x00007FF61074A33B]\n   \t(No symbol) [0x00007FF61074AED1]\n   \tGetHandleVerifier [0x00007FF610BD8B1D+3217341]\n   \tGetHandleVerifier [0x00007FF610C25AE3+3532675]\n   \tGetHandleVerifier [0x00007FF610C1B0E0+3489152]\n   \tGetHandleVerifier [0x00007FF61097E776+750614]\n   \t(No symbol) [0x00007FF61085375F]\n   \t(No symbol) [0x00007FF61084EB14]\n   \t(No symbol) [0x00007FF61084ECA2]\n   \t(No symbol) [0x00007FF61083E16F]\n   \tBaseThreadInitThunk [0x00007FF906BE257D+29]\n   \tRtlUserThreadStart [0x00007FF907E6AF28+40]\n", "test_name": "test_editQuoteNegative3", "rerun": "0"}}, "status": {"total_pass": 0, "total_skip": 0, "total_xpass": 0, "total_xfail": 0, "total_rerun": 0, "total_fail": 4, "total_error": 0}}, "3": {"suite_name": "test_004_editSkill.py", "tests": {"0": {"status": "FAIL", "message": "   selenium.common.exceptions.NoSuchWindowException: Message: no such window: target window already closed\n   from unknown error: web view not found\n     (Session info: chrome=126.0.6478.127)\n   Stacktrace:\n   \tGetHandleVerifier [0x00007FF6108CEEA2+31554]\n   \t(No symbol) [0x00007FF610847ED9]\n   \t(No symbol) [0x00007FF61070872A]\n   \t(No symbol) [0x00007FF6106DD995]\n   \t(No symbol) [0x00007FF6107844D7]\n   \t(No symbol) [0x00007FF61079C051]\n   \t(No symbol) [0x00007FF61077CDD3]\n   \t(No symbol) [0x00007FF61074A33B]\n   \t(No symbol) [0x00007FF61074AED1]\n   \tGetHandleVerifier [0x00007FF610BD8B1D+3217341]\n   \tGetHandleVerifier [0x00007FF610C25AE3+3532675]\n   \tGetHandleVerifier [0x00007FF610C1B0E0+3489152]\n   \tGetHandleVerifier [0x00007FF61097E776+750614]\n   \t(No symbol) [0x00007FF61085375F]\n   \t(No symbol) [0x00007FF61084EB14]\n   \t(No symbol) [0x00007FF61084ECA2]\n   \t(No symbol) [0x00007FF61083E16F]\n   \tBaseThreadInitThunk [0x00007FF906BE257D+29]\n   \tRtlUserThreadStart [0x00007FF907E6AF28+40]\n", "test_name": "test_editSkillPositive", "rerun": "0"}}, "status": {"total_pass": 0, "total_skip": 0, "total_xpass": 0, "total_xfail": 0, "total_rerun": 0, "total_fail": 1, "total_error": 0}}, "4": {"suite_name": "test_005_editAbout.py", "tests": {"0": {"status": "FAIL", "message": "   selenium.common.exceptions.WebDriverException: Message: unknown error: cannot determine loading status\n   from target frame detached\n     (Session info: chrome=126.0.6478.127)\n   Stacktrace:\n   \tGetHandleVerifier [0x00007FF6108CEEA2+31554]\n   \t(No symbol) [0x00007FF610847ED9]\n   \t(No symbol) [0x00007FF610708559]\n   \t(No symbol) [0x00007FF6106F0C81]\n   \t(No symbol) [0x00007FF6106EEC6D]\n   \t(No symbol) [0x00007FF6106EF47F]\n   \t(No symbol) [0x00007FF6106FE7E1]\n   \t(No symbol) [0x00007FF61071674F]\n   \t(No symbol) [0x00007FF61071C16A]\n   \t(No symbol) [0x00007FF6106EFC0A]\n   \t(No symbol) [0x00007FF61071630D]\n   \t(No symbol) [0x00007FF61079CCD5]\n   \t(No symbol) [0x00007FF61077CDD3]\n   \t(No symbol) [0x00007FF61074A33B]\n   \t(No symbol) [0x00007FF61074AED1]\n   \tGetHandleVerifier [0x00007FF610BD8B1D+3217341]\n   \tGetHandleVerifier [0x00007FF610C25AE3+3532675]\n   \tGetHandleVerifier [0x00007FF610C1B0E0+3489152]\n   \tGetHandleVerifier [0x00007FF61097E776+750614]\n   \t(No symbol) [0x00007FF61085375F]\n   \t(No symbol) [0x00007FF61084EB14]\n   \t(No symbol) [0x00007FF61084ECA2]\n   \t(No symbol) [0x00007FF61083E16F]\n   \tBaseThreadInitThunk [0x00007FF906BE257D+29]\n   \tRtlUserThreadStart [0x00007FF907E6AF28+40]\n", "test_name": "test_editAboutPositive", "rerun": "0"}, "1": {"status": "FAIL", "message": "   selenium.common.exceptions.NoSuchWindowException: Message: no such window: target window already closed\n   from unknown error: web view not found\n     (Session info: chrome=126.0.6478.127)\n   Stacktrace:\n   \tGetHandleVerifier [0x00007FF6108CEEA2+31554]\n   \t(No symbol) [0x00007FF610847ED9]\n   \t(No symbol) [0x00007FF61070872A]\n   \t(No symbol) [0x00007FF6106DD995]\n   \t(No symbol) [0x00007FF6107844D7]\n   \t(No symbol) [0x00007FF61079C051]\n   \t(No symbol) [0x00007FF61077CDD3]\n   \t(No symbol) [0x00007FF61074A33B]\n   \t(No symbol) [0x00007FF61074AED1]\n   \tGetHandleVerifier [0x00007FF610BD8B1D+3217341]\n   \tGetHandleVerifier [0x00007FF610C25AE3+3532675]\n   \tGetHandleVerifier [0x00007FF610C1B0E0+3489152]\n   \tGetHandleVerifier [0x00007FF61097E776+750614]\n   \t(No symbol) [0x00007FF61085375F]\n   \t(No symbol) [0x00007FF61084EB14]\n   \t(No symbol) [0x00007FF61084ECA2]\n   \t(No symbol) [0x00007FF61083E16F]\n   \tBaseThreadInitThunk [0x00007FF906BE257D+29]\n   \tRtlUserThreadStart [0x00007FF907E6AF28+40]\n", "test_name": "test_editAboutNegative", "rerun": "0"}, "2": {"status": "FAIL", "message": "   selenium.common.exceptions.WebDriverException: Message: unknown error: cannot determine loading status\n   from target frame detached\n     (Session info: chrome=126.0.6478.127)\n   Stacktrace:\n   \tGetHandleVerifier [0x00007FF6108CEEA2+31554]\n   \t(No symbol) [0x00007FF610847ED9]\n   \t(No symbol) [0x00007FF610708559]\n   \t(No symbol) [0x00007FF6106F0C81]\n   \t(No symbol) [0x00007FF6106EEC6D]\n   \t(No symbol) [0x00007FF6106EF47F]\n   \t(No symbol) [0x00007FF6106FEB00]\n   \t(No symbol) [0x00007FF61071674F]\n   \t(No symbol) [0x00007FF61071C16A]\n   \t(No symbol) [0x00007FF6106EFC0A]\n   \t(No symbol) [0x00007FF61071630D]\n   \t(No symbol) [0x00007FF61079CCD5]\n   \t(No symbol) [0x00007FF61077CDD3]\n   \t(No symbol) [0x00007FF61074A33B]\n   \t(No symbol) [0x00007FF61074AED1]\n   \tGetHandleVerifier [0x00007FF610BD8B1D+3217341]\n   \tGetHandleVerifier [0x00007FF610C25AE3+3532675]\n   \tGetHandleVerifier [0x00007FF610C1B0E0+3489152]\n   \tGetHandleVerifier [0x00007FF61097E776+750614]\n   \t(No symbol) [0x00007FF61085375F]\n   \t(No symbol) [0x00007FF61084EB14]\n   \t(No symbol) [0x00007FF61084ECA2]\n   \t(No symbol) [0x00007FF61083E16F]\n   \tBaseThreadInitThunk [0x00007FF906BE257D+29]\n   \tRtlUserThreadStart [0x00007FF907E6AF28+40]\n", "test_name": "test_editAboutPositive2", "rerun": "0"}, "3": {"status": "FAIL", "message": "   selenium.common.exceptions.WebDriverException: Message: unknown error: cannot determine loading status\n   from target frame detached\n     (Session info: chrome=126.0.6478.127)\n   Stacktrace:\n   \tGetHandleVerifier [0x00007FF6108CEEA2+31554]\n   \t(No symbol) [0x00007FF610847ED9]\n   \t(No symbol) [0x00007FF610708559]\n   \t(No symbol) [0x00007FF6106F0C81]\n   \t(No symbol) [0x00007FF6106EEC6D]\n   \t(No symbol) [0x00007FF6106EF47F]\n   \t(No symbol) [0x00007FF6106FE7E1]\n   \t(No symbol) [0x00007FF61071674F]\n   \t(No symbol) [0x00007FF61071C16A]\n   \t(No symbol) [0x00007FF6106EFC0A]\n   \t(No symbol) [0x00007FF61071630D]\n   \t(No symbol) [0x00007FF61079CCD5]\n   \t(No symbol) [0x00007FF61077CDD3]\n   \t(No symbol) [0x00007FF61074A33B]\n   \t(No symbol) [0x00007FF61074AED1]\n   \tGetHandleVerifier [0x00007FF610BD8B1D+3217341]\n   \tGetHandleVerifier [0x00007FF610C25AE3+3532675]\n   \tGetHandleVerifier [0x00007FF610C1B0E0+3489152]\n   \tGetHandleVerifier [0x00007FF61097E776+750614]\n   \t(No symbol) [0x00007FF61085375F]\n   \t(No symbol) [0x00007FF61084EB14]\n   \t(No symbol) [0x00007FF61084ECA2]\n   \t(No symbol) [0x00007FF61083E16F]\n   \tBaseThreadInitThunk [0x00007FF906BE257D+29]\n   \tRtlUserThreadStart [0x00007FF907E6AF28+40]\n", "test_name": "test_editAboutNegative2", "rerun": "0"}}, "status": {"total_pass": 0, "total_skip": 0, "total_xpass": 0, "total_xfail": 0, "total_rerun": 0, "total_fail": 4, "total_error": 0}}, "5": {"suite_name": "test_006_editBC.py", "tests": {"0": {"status": "FAIL", "message": "   selenium.common.exceptions.NoSuchWindowException: Message: no such window: target window already closed\n   from unknown error: web view not found\n     (Session info: chrome=126.0.6478.127)\n   Stacktrace:\n   \tGetHandleVerifier [0x00007FF6108CEEA2+31554]\n   \t(No symbol) [0x00007FF610847ED9]\n   \t(No symbol) [0x00007FF61070872A]\n   \t(No symbol) [0x00007FF6106DD995]\n   \t(No symbol) [0x00007FF6107844D7]\n   \t(No symbol) [0x00007FF61079C051]\n   \t(No symbol) [0x00007FF61077CDD3]\n   \t(No symbol) [0x00007FF61074A33B]\n   \t(No symbol) [0x00007FF61074AED1]\n   \tGetHandleVerifier [0x00007FF610BD8B1D+3217341]\n   \tGetHandleVerifier [0x00007FF610C25AE3+3532675]\n   \tGetHandleVerifier [0x00007FF610C1B0E0+3489152]\n   \tGetHandleVerifier [0x00007FF61097E776+750614]\n   \t(No symbol) [0x00007FF61085375F]\n   \t(No symbol) [0x00007FF61084EB14]\n   \t(No symbol) [0x00007FF61084ECA2]\n   \t(No symbol) [0x00007FF61083E16F]\n   \tBaseThreadInitThunk [0x00007FF906BE257D+29]\n   \tRtlUserThreadStart [0x00007FF907E6AF28+40]\n", "test_name": "test_editBCPositive", "rerun": "0"}, "1": {"status": "FAIL", "message": "   selenium.common.exceptions.NoSuchWindowException: Message: no such window: target window already closed\n   from unknown error: web view not found\n     (Session info: chrome=126.0.6478.127)\n   Stacktrace:\n   \tGetHandleVerifier [0x00007FF6108CEEA2+31554]\n   \t(No symbol) [0x00007FF610847ED9]\n   \t(No symbol) [0x00007FF61070872A]\n   \t(No symbol) [0x00007FF6106DD995]\n   \t(No symbol) [0x00007FF6107844D7]\n   \t(No symbol) [0x00007FF61079C051]\n   \t(No symbol) [0x00007FF61077CDD3]\n   \t(No symbol) [0x00007FF61074A33B]\n   \t(No symbol) [0x00007FF61074AED1]\n   \tGetHandleVerifier [0x00007FF610BD8B1D+3217341]\n   \tGetHandleVerifier [0x00007FF610C25AE3+3532675]\n   \tGetHandleVerifier [0x00007FF610C1B0E0+3489152]\n   \tGetHandleVerifier [0x00007FF61097E776+750614]\n   \t(No symbol) [0x00007FF61085375F]\n   \t(No symbol) [0x00007FF61084EB14]\n   \t(No symbol) [0x00007FF61084ECA2]\n   \t(No symbol) [0x00007FF61083E16F]\n   \tBaseThreadInitThunk [0x00007FF906BE257D+29]\n   \tRtlUserThreadStart [0x00007FF907E6AF28+40]\n", "test_name": "test_editBCNegative", "rerun": "0"}}, "status": {"total_pass": 0, "total_skip": 0, "total_xpass": 0, "total_xfail": 0, "total_rerun": 0, "total_fail": 2, "total_error": 0}}, "6": {"suite_name": "test_007_editEduExp.py", "tests": {"0": {"status": "FAIL", "message": "   selenium.common.exceptions.NoSuchWindowException: Message: no such window: target window already closed\n   from unknown error: web view not found\n     (Session info: chrome=126.0.6478.127)\n   Stacktrace:\n   \tGetHandleVerifier [0x00007FF6108CEEA2+31554]\n   \t(No symbol) [0x00007FF610847ED9]\n   \t(No symbol) [0x00007FF61070872A]\n   \t(No symbol) [0x00007FF6106DD995]\n   \t(No symbol) [0x00007FF6107844D7]\n   \t(No symbol) [0x00007FF61079C051]\n   \t(No symbol) [0x00007FF61077CDD3]\n   \t(No symbol) [0x00007FF61074A33B]\n   \t(No symbol) [0x00007FF61074AED1]\n   \tGetHandleVerifier [0x00007FF610BD8B1D+3217341]\n   \tGetHandleVerifier [0x00007FF610C25AE3+3532675]\n   \tGetHandleVerifier [0x00007FF610C1B0E0+3489152]\n   \tGetHandleVerifier [0x00007FF61097E776+750614]\n   \t(No symbol) [0x00007FF61085375F]\n   \t(No symbol) [0x00007FF61084EB14]\n   \t(No symbol) [0x00007FF61084ECA2]\n   \t(No symbol) [0x00007FF61083E16F]\n   \tBaseThreadInitThunk [0x00007FF906BE257D+29]\n   \tRtlUserThreadStart [0x00007FF907E6AF28+40]\n", "test_name": "test_editEduExpPositive", "rerun": "0"}, "1": {"status": "FAIL", "message": "   selenium.common.exceptions.NoSuchWindowException: Message: no such window: target window already closed\n   from unknown error: web view not found\n     (Session info: chrome=126.0.6478.127)\n   Stacktrace:\n   \tGetHandleVerifier [0x00007FF6108CEEA2+31554]\n   \t(No symbol) [0x00007FF610847ED9]\n   \t(No symbol) [0x00007FF61070872A]\n   \t(No symbol) [0x00007FF6106DD995]\n   \t(No symbol) [0x00007FF6107844D7]\n   \t(No symbol) [0x00007FF61079C051]\n   \t(No symbol) [0x00007FF61077CDD3]\n   \t(No symbol) [0x00007FF61074A33B]\n   \t(No symbol) [0x00007FF61074AED1]\n   \tGetHandleVerifier [0x00007FF610BD8B1D+3217341]\n   \tGetHandleVerifier [0x00007FF610C25AE3+3532675]\n   \tGetHandleVerifier [0x00007FF610C1B0E0+3489152]\n   \tGetHandleVerifier [0x00007FF61097E776+750614]\n   \t(No symbol) [0x00007FF61085375F]\n   \t(No symbol) [0x00007FF61084EB14]\n   \t(No symbol) [0x00007FF61084ECA2]\n   \t(No symbol) [0x00007FF61083E16F]\n   \tBaseThreadInitThunk [0x00007FF906BE257D+29]\n   \tRtlUserThreadStart [0x00007FF907E6AF28+40]\n", "test_name": "test_editEduExpNegative", "rerun": "0"}, "2": {"status": "FAIL", "message": "   selenium.common.exceptions.NoSuchElementException: Message: no such element: Unable to locate element: {\"method\":\"xpath\",\"selector\":\"/html/body/div[1]/div[2]/section[1]/main/div/div/main/section[5]/section/div[1]/div/i\"}\n     (Session info: chrome=126.0.6478.127); For documentation on this error, please visit: https://www.selenium.dev/documentation/webdriver/troubleshooting/errors#no-such-element-exception\n   Stacktrace:\n   \tGetHandleVerifier [0x00007FF6108CEEA2+31554]\n   \t(No symbol) [0x00007FF610847ED9]\n   \t(No symbol) [0x00007FF61070872A]\n   \t(No symbol) [0x00007FF610758434]\n   \t(No symbol) [0x00007FF61075853C]\n   \t(No symbol) [0x00007FF61079F6A7]\n   \t(No symbol) [0x00007FF61077D06F]\n   \t(No symbol) [0x00007FF61079C977]\n   \t(No symbol) [0x00007FF61077CDD3]\n   \t(No symbol) [0x00007FF61074A33B]\n   \t(No symbol) [0x00007FF61074AED1]\n   \tGetHandleVerifier [0x00007FF610BD8B1D+3217341]\n   \tGetHandleVerifier [0x00007FF610C25AE3+3532675]\n   \tGetHandleVerifier [0x00007FF610C1B0E0+3489152]\n   \tGetHandleVerifier [0x00007FF61097E776+750614]\n   \t(No symbol) [0x00007FF61085375F]\n   \t(No symbol) [0x00007FF61084EB14]\n   \t(No symbol) [0x00007FF61084ECA2]\n   \t(No symbol) [0x00007FF61083E16F]\n   \tBaseThreadInitThunk [0x00007FF906BE257D+29]\n   \tRtlUserThreadStart [0x00007FF907E6AF28+40]\n", "test_name": "test_editEduExpPositive1", "rerun": "0"}}, "status": {"total_pass": 0, "total_skip": 0, "total_xpass": 0, "total_xfail": 0, "total_rerun": 0, "total_fail": 3, "total_error": 0}}, "7": {"suite_name": "test_008_editAchievements.py", "tests": {"0": {"status": "FAIL", "message": "   selenium.common.exceptions.NoSuchWindowException: Message: no such window: target window already closed\n   from unknown error: web view not found\n     (Session info: chrome=126.0.6478.127)\n   Stacktrace:\n   \tGetHandleVerifier [0x00007FF6108CEEA2+31554]\n   \t(No symbol) [0x00007FF610847ED9]\n   \t(No symbol) [0x00007FF61070872A]\n   \t(No symbol) [0x00007FF6106DD995]\n   \t(No symbol) [0x00007FF6107844D7]\n   \t(No symbol) [0x00007FF61079C051]\n   \t(No symbol) [0x00007FF61077CDD3]\n   \t(No symbol) [0x00007FF61074A33B]\n   \t(No symbol) [0x00007FF61074AED1]\n   \tGetHandleVerifier [0x00007FF610BD8B1D+3217341]\n   \tGetHandleVerifier [0x00007FF610C25AE3+3532675]\n   \tGetHandleVerifier [0x00007FF610C1B0E0+3489152]\n   \tGetHandleVerifier [0x00007FF61097E776+750614]\n   \t(No symbol) [0x00007FF61085375F]\n   \t(No symbol) [0x00007FF61084EB14]\n   \t(No symbol) [0x00007FF61084ECA2]\n   \t(No symbol) [0x00007FF61083E16F]\n   \tBaseThreadInitThunk [0x00007FF906BE257D+29]\n   \tRtlUserThreadStart [0x00007FF907E6AF28+40]\n", "test_name": "test_editAchievementPositive", "rerun": "0"}, "1": {"status": "FAIL", "message": "   selenium.common.exceptions.NoSuchWindowException: Message: no such window: target window already closed\n   from unknown error: web view not found\n     (Session info: chrome=126.0.6478.127)\n   Stacktrace:\n   \tGetHandleVerifier [0x00007FF6108CEEA2+31554]\n   \t(No symbol) [0x00007FF610847ED9]\n   \t(No symbol) [0x00007FF61070872A]\n   \t(No symbol) [0x00007FF6106DD995]\n   \t(No symbol) [0x00007FF6107844D7]\n   \t(No symbol) [0x00007FF61079C051]\n   \t(No symbol) [0x00007FF61077CDD3]\n   \t(No symbol) [0x00007FF61074A33B]\n   \t(No symbol) [0x00007FF61074AED1]\n   \tGetHandleVerifier [0x00007FF610BD8B1D+3217341]\n   \tGetHandleVerifier [0x00007FF610C25AE3+3532675]\n   \tGetHandleVerifier [0x00007FF610C1B0E0+3489152]\n   \tGetHandleVerifier [0x00007FF61097E776+750614]\n   \t(No symbol) [0x00007FF61085375F]\n   \t(No symbol) [0x00007FF61084EB14]\n   \t(No symbol) [0x00007FF61084ECA2]\n   \t(No symbol) [0x00007FF61083E16F]\n   \tBaseThreadInitThunk [0x00007FF906BE257D+29]\n   \tRtlUserThreadStart [0x00007FF907E6AF28+40]\n", "test_name": "test_editAchievementNegative", "rerun": "0"}, "2": {"status": "FAIL", "message": "   selenium.common.exceptions.NoSuchWindowException: Message: no such window: target window already closed\n   from unknown error: web view not found\n     (Session info: chrome=126.0.6478.127)\n   Stacktrace:\n   \tGetHandleVerifier [0x00007FF6108CEEA2+31554]\n   \t(No symbol) [0x00007FF610847ED9]\n   \t(No symbol) [0x00007FF61070872A]\n   \t(No symbol) [0x00007FF6106DD995]\n   \t(No symbol) [0x00007FF6107844D7]\n   \t(No symbol) [0x00007FF61079C051]\n   \t(No symbol) [0x00007FF61077CDD3]\n   \t(No symbol) [0x00007FF61074A33B]\n   \t(No symbol) [0x00007FF61074AED1]\n   \tGetHandleVerifier [0x00007FF610BD8B1D+3217341]\n   \tGetHandleVerifier [0x00007FF610C25AE3+3532675]\n   \tGetHandleVerifier [0x00007FF610C1B0E0+3489152]\n   \tGetHandleVerifier [0x00007FF61097E776+750614]\n   \t(No symbol) [0x00007FF61085375F]\n   \t(No symbol) [0x00007FF61084EB14]\n   \t(No symbol) [0x00007FF61084ECA2]\n   \t(No symbol) [0x00007FF61083E16F]\n   \tBaseThreadInitThunk [0x00007FF906BE257D+29]\n   \tRtlUserThreadStart [0x00007FF907E6AF28+40]\n", "test_name": "test_editAchievementDelete", "rerun": "0"}}, "status": {"total_pass": 0, "total_skip": 0, "total_xpass": 0, "total_xfail": 0, "total_rerun": 0, "total_fail": 3, "total_error": 0}}, "8": {"suite_name": "test_009_editMilestone.py", "tests": {"0": {"status": "FAIL", "message": "   selenium.common.exceptions.NoSuchWindowException: Message: no such window: target window already closed\n   from unknown error: web view not found\n     (Session info: chrome=126.0.6478.127)\n   Stacktrace:\n   \tGetHandleVerifier [0x00007FF6108CEEA2+31554]\n   \t(No symbol) [0x00007FF610847ED9]\n   \t(No symbol) [0x00007FF61070872A]\n   \t(No symbol) [0x00007FF6106DD995]\n   \t(No symbol) [0x00007FF6107844D7]\n   \t(No symbol) [0x00007FF61079C051]\n   \t(No symbol) [0x00007FF61077CDD3]\n   \t(No symbol) [0x00007FF61074A33B]\n   \t(No symbol) [0x00007FF61074AED1]\n   \tGetHandleVerifier [0x00007FF610BD8B1D+3217341]\n   \tGetHandleVerifier [0x00007FF610C25AE3+3532675]\n   \tGetHandleVerifier [0x00007FF610C1B0E0+3489152]\n   \tGetHandleVerifier [0x00007FF61097E776+750614]\n   \t(No symbol) [0x00007FF61085375F]\n   \t(No symbol) [0x00007FF61084EB14]\n   \t(No symbol) [0x00007FF61084ECA2]\n   \t(No symbol) [0x00007FF61083E16F]\n   \tBaseThreadInitThunk [0x00007FF906BE257D+29]\n   \tRtlUserThreadStart [0x00007FF907E6AF28+40]\n", "test_name": "test_editMilestonePositive", "rerun": "0"}, "1": {"status": "FAIL", "message": "   selenium.common.exceptions.NoSuchWindowException: Message: no such window: target window already closed\n   from unknown error: web view not found\n     (Session info: chrome=126.0.6478.127)\n   Stacktrace:\n   \tGetHandleVerifier [0x00007FF6108CEEA2+31554]\n   \t(No symbol) [0x00007FF610847ED9]\n   \t(No symbol) [0x00007FF61070872A]\n   \t(No symbol) [0x00007FF6106DD995]\n   \t(No symbol) [0x00007FF6107844D7]\n   \t(No symbol) [0x00007FF61079C051]\n   \t(No symbol) [0x00007FF61077CDD3]\n   \t(No symbol) [0x00007FF61074A33B]\n   \t(No symbol) [0x00007FF61074AED1]\n   \tGetHandleVerifier [0x00007FF610BD8B1D+3217341]\n   \tGetHandleVerifier [0x00007FF610C25AE3+3532675]\n   \tGetHandleVerifier [0x00007FF610C1B0E0+3489152]\n   \tGetHandleVerifier [0x00007FF61097E776+750614]\n   \t(No symbol) [0x00007FF61085375F]\n   \t(No symbol) [0x00007FF61084EB14]\n   \t(No symbol) [0x00007FF61084ECA2]\n   \t(No symbol) [0x00007FF61083E16F]\n   \tBaseThreadInitThunk [0x00007FF906BE257D+29]\n   \tRtlUserThreadStart [0x00007FF907E6AF28+40]\n", "test_name": "test_editMilestoneNegative", "rerun": "0"}, "2": {"status": "FAIL", "message": "   selenium.common.exceptions.NoSuchWindowException: Message: no such window: target window already closed\n   from unknown error: web view not found\n     (Session info: chrome=126.0.6478.127)\n   Stacktrace:\n   \tGetHandleVerifier [0x00007FF6108CEEA2+31554]\n   \t(No symbol) [0x00007FF610847ED9]\n   \t(No symbol) [0x00007FF61070872A]\n   \t(No symbol) [0x00007FF6106DD995]\n   \t(No symbol) [0x00007FF6107844D7]\n   \t(No symbol) [0x00007FF61079C051]\n   \t(No symbol) [0x00007FF61077CDD3]\n   \t(No symbol) [0x00007FF61074A33B]\n   \t(No symbol) [0x00007FF61074AED1]\n   \tGetHandleVerifier [0x00007FF610BD8B1D+3217341]\n   \tGetHandleVerifier [0x00007FF610C25AE3+3532675]\n   \tGetHandleVerifier [0x00007FF610C1B0E0+3489152]\n   \tGetHandleVerifier [0x00007FF61097E776+750614]\n   \t(No symbol) [0x00007FF61085375F]\n   \t(No symbol) [0x00007FF61084EB14]\n   \t(No symbol) [0x00007FF61084ECA2]\n   \t(No symbol) [0x00007FF61083E16F]\n   \tBaseThreadInitThunk [0x00007FF906BE257D+29]\n   \tRtlUserThreadStart [0x00007FF907E6AF28+40]\n", "test_name": "test_editMilestoneDelBin", "rerun": "0"}}, "status": {"total_pass": 0, "total_skip": 0, "total_xpass": 0, "total_xfail": 0, "total_rerun": 0, "total_fail": 3, "total_error": 0}}, "9": {"suite_name": "test_010_editFooter.py", "tests": {"0": {"status": "FAIL", "message": "   selenium.common.exceptions.NoSuchWindowException: Message: no such window: target window already closed\n   from unknown error: web view not found\n     (Session info: chrome=126.0.6478.127)\n   Stacktrace:\n   \tGetHandleVerifier [0x00007FF6108CEEA2+31554]\n   \t(No symbol) [0x00007FF610847ED9]\n   \t(No symbol) [0x00007FF61070872A]\n   \t(No symbol) [0x00007FF6106DD995]\n   \t(No symbol) [0x00007FF6107844D7]\n   \t(No symbol) [0x00007FF61079C051]\n   \t(No symbol) [0x00007FF61077CDD3]\n   \t(No symbol) [0x00007FF61074A33B]\n   \t(No symbol) [0x00007FF61074AED1]\n   \tGetHandleVerifier [0x00007FF610BD8B1D+3217341]\n   \tGetHandleVerifier [0x00007FF610C25AE3+3532675]\n   \tGetHandleVerifier [0x00007FF610C1B0E0+3489152]\n   \tGetHandleVerifier [0x00007FF61097E776+750614]\n   \t(No symbol) [0x00007FF61085375F]\n   \t(No symbol) [0x00007FF61084EB14]\n   \t(No symbol) [0x00007FF61084ECA2]\n   \t(No symbol) [0x00007FF61083E16F]\n   \tBaseThreadInitThunk [0x00007FF906BE257D+29]\n   \tRtlUserThreadStart [0x00007FF907E6AF28+40]\n", "test_name": "test_editFooterPositive", "rerun": "0"}, "1": {"status": "FAIL", "message": "   selenium.common.exceptions.NoSuchWindowException: Message: no such window: target window already closed\n   from unknown error: web view not found\n     (Session info: chrome=126.0.6478.127)\n   Stacktrace:\n   \tGetHandleVerifier [0x00007FF6108CEEA2+31554]\n   \t(No symbol) [0x00007FF610847ED9]\n   \t(No symbol) [0x00007FF61070872A]\n   \t(No symbol) [0x00007FF6106DD995]\n   \t(No symbol) [0x00007FF6107844D7]\n   \t(No symbol) [0x00007FF61079C051]\n   \t(No symbol) [0x00007FF61077CDD3]\n   \t(No symbol) [0x00007FF61074A33B]\n   \t(No symbol) [0x00007FF61074AED1]\n   \tGetHandleVerifier [0x00007FF610BD8B1D+3217341]\n   \tGetHandleVerifier [0x00007FF610C25AE3+3532675]\n   \tGetHandleVerifier [0x00007FF610C1B0E0+3489152]\n   \tGetHandleVerifier [0x00007FF61097E776+750614]\n   \t(No symbol) [0x00007FF61085375F]\n   \t(No symbol) [0x00007FF61084EB14]\n   \t(No symbol) [0x00007FF61084ECA2]\n   \t(No symbol) [0x00007FF61083E16F]\n   \tBaseThreadInitThunk [0x00007FF906BE257D+29]\n   \tRtlUserThreadStart [0x00007FF907E6AF28+40]\n", "test_name": "test_editFooterCheck", "rerun": "0"}}, "status": {"total_pass": 0, "total_skip": 0, "total_xpass": 0, "total_xfail": 0, "total_rerun": 0, "total_fail": 2, "total_error": 0}}, "10": {"suite_name": "test_011_pjtsLinks.py", "tests": {"0": {"status": "FAIL", "message": "   selenium.common.exceptions.NoSuchWindowException: Message: no such window: target window already closed\n   from unknown error: web view not found\n     (Session info: chrome=126.0.6478.127)\n   Stacktrace:\n   \tGetHandleVerifier [0x00007FF6108CEEA2+31554]\n   \t(No symbol) [0x00007FF610847ED9]\n   \t(No symbol) [0x00007FF61070872A]\n   \t(No symbol) [0x00007FF6106DD995]\n   \t(No symbol) [0x00007FF6107844D7]\n   \t(No symbol) [0x00007FF61079C051]\n   \t(No symbol) [0x00007FF61077CDD3]\n   \t(No symbol) [0x00007FF61074A33B]\n   \t(No symbol) [0x00007FF61074AED1]\n   \tGetHandleVerifier [0x00007FF610BD8B1D+3217341]\n   \tGetHandleVerifier [0x00007FF610C25AE3+3532675]\n   \tGetHandleVerifier [0x00007FF610C1B0E0+3489152]\n   \tGetHandleVerifier [0x00007FF61097E776+750614]\n   \t(No symbol) [0x00007FF61085375F]\n   \t(No symbol) [0x00007FF61084EB14]\n   \t(No symbol) [0x00007FF61084ECA2]\n   \t(No symbol) [0x00007FF61083E16F]\n   \tBaseThreadInitThunk [0x00007FF906BE257D+29]\n   \tRtlUserThreadStart [0x00007FF907E6AF28+40]\n", "test_name": "test_addPjtsLinksPositive", "rerun": "0"}, "1": {"status": "FAIL", "message": "   selenium.common.exceptions.WebDriverException: Message: unknown error: cannot determine loading status\n   from target frame detached\n     (Session info: chrome=126.0.6478.127)\n   Stacktrace:\n   \tGetHandleVerifier [0x00007FF6108CEEA2+31554]\n   \t(No symbol) [0x00007FF610847ED9]\n   \t(No symbol) [0x00007FF610708559]\n   \t(No symbol) [0x00007FF6106F0C81]\n   \t(No symbol) [0x00007FF6106EEC6D]\n   \t(No symbol) [0x00007FF6106EF47F]\n   \t(No symbol) [0x00007FF6106FE7E1]\n   \t(No symbol) [0x00007FF61071674F]\n   \t(No symbol) [0x00007FF61071C16A]\n   \t(No symbol) [0x00007FF6106EFC0A]\n   \t(No symbol) [0x00007FF61071630D]\n   \t(No symbol) [0x00007FF61079CCD5]\n   \t(No symbol) [0x00007FF61077CDD3]\n   \t(No symbol) [0x00007FF61074A33B]\n   \t(No symbol) [0x00007FF61074AED1]\n   \tGetHandleVerifier [0x00007FF610BD8B1D+3217341]\n   \tGetHandleVerifier [0x00007FF610C25AE3+3532675]\n   \tGetHandleVerifier [0x00007FF610C1B0E0+3489152]\n   \tGetHandleVerifier [0x00007FF61097E776+750614]\n   \t(No symbol) [0x00007FF61085375F]\n   \t(No symbol) [0x00007FF61084EB14]\n   \t(No symbol) [0x00007FF61084ECA2]\n   \t(No symbol) [0x00007FF61083E16F]\n   \tBaseThreadInitThunk [0x00007FF906BE257D+29]\n   \tRtlUserThreadStart [0x00007FF907E6AF28+40]\n", "test_name": "test_addPjtsLinksNegative", "rerun": "0"}}, "status": {"total_pass": 0, "total_skip": 0, "total_xpass": 0, "total_xfail": 0, "total_rerun": 0, "total_fail": 2, "total_error": 0}}, "11": {"suite_name": "test_012_postprojects.py", "tests": {"0": {"status": "FAIL", "message": "   selenium.common.exceptions.NoSuchWindowException: Message: no such window: target window already closed\n   from unknown error: web view not found\n     (Session info: chrome=126.0.6478.127)\n   Stacktrace:\n   \tGetHandleVerifier [0x00007FF6108CEEA2+31554]\n   \t(No symbol) [0x00007FF610847ED9]\n   \t(No symbol) [0x00007FF61070872A]\n   \t(No symbol) [0x00007FF6106DD995]\n   \t(No symbol) [0x00007FF6107844D7]\n   \t(No symbol) [0x00007FF61079C051]\n   \t(No symbol) [0x00007FF61077CDD3]\n   \t(No symbol) [0x00007FF61074A33B]\n   \t(No symbol) [0x00007FF61074AED1]\n   \tGetHandleVerifier [0x00007FF610BD8B1D+3217341]\n   \tGetHandleVerifier [0x00007FF610C25AE3+3532675]\n   \tGetHandleVerifier [0x00007FF610C1B0E0+3489152]\n   \tGetHandleVerifier [0x00007FF61097E776+750614]\n   \t(No symbol) [0x00007FF61085375F]\n   \t(No symbol) [0x00007FF61084EB14]\n   \t(No symbol) [0x00007FF61084ECA2]\n   \t(No symbol) [0x00007FF61083E16F]\n   \tBaseThreadInitThunk [0x00007FF906BE257D+29]\n   \tRtlUserThreadStart [0x00007FF907E6AF28+40]\n", "test_name": "test_projecttypepositive", "rerun": "0"}, "1": {"status": "FAIL", "message": "   selenium.common.exceptions.NoSuchWindowException: Message: no such window: target window already closed\n   from unknown error: web view not found\n     (Session info: chrome=126.0.6478.127)\n   Stacktrace:\n   \tGetHandleVerifier [0x00007FF6108CEEA2+31554]\n   \t(No symbol) [0x00007FF610847ED9]\n   \t(No symbol) [0x00007FF61070872A]\n   \t(No symbol) [0x00007FF6106DD995]\n   \t(No symbol) [0x00007FF6107844D7]\n   \t(No symbol) [0x00007FF61079C051]\n   \t(No symbol) [0x00007FF61077CDD3]\n   \t(No symbol) [0x00007FF61074A33B]\n   \t(No symbol) [0x00007FF61074AED1]\n   \tGetHandleVerifier [0x00007FF610BD8B1D+3217341]\n   \tGetHandleVerifier [0x00007FF610C25AE3+3532675]\n   \tGetHandleVerifier [0x00007FF610C1B0E0+3489152]\n   \tGetHandleVerifier [0x00007FF61097E776+750614]\n   \t(No symbol) [0x00007FF61085375F]\n   \t(No symbol) [0x00007FF61084EB14]\n   \t(No symbol) [0x00007FF61084ECA2]\n   \t(No symbol) [0x00007FF61083E16F]\n   \tBaseThreadInitThunk [0x00007FF906BE257D+29]\n   \tRtlUserThreadStart [0x00007FF907E6AF28+40]\n", "test_name": "test_staffpositive", "rerun": "0"}}, "status": {"total_pass": 0, "total_skip": 0, "total_xpass": 0, "total_xfail": 0, "total_rerun": 0, "total_fail": 2, "total_error": 0}}, "12": {"suite_name": "test_013_applyproject.py", "tests": {"0": {"status": "FAIL", "message": "   selenium.common.exceptions.NoSuchWindowException: Message: no such window: target window already closed\n   from unknown error: web view not found\n     (Session info: chrome=126.0.6478.127)\n   Stacktrace:\n   \tGetHandleVerifier [0x00007FF6108CEEA2+31554]\n   \t(No symbol) [0x00007FF610847ED9]\n   \t(No symbol) [0x00007FF61070872A]\n   \t(No symbol) [0x00007FF6106DD995]\n   \t(No symbol) [0x00007FF6107844D7]\n   \t(No symbol) [0x00007FF61079C051]\n   \t(No symbol) [0x00007FF61077CDD3]\n   \t(No symbol) [0x00007FF61074A33B]\n   \t(No symbol) [0x00007FF61074AED1]\n   \tGetHandleVerifier [0x00007FF610BD8B1D+3217341]\n   \tGetHandleVerifier [0x00007FF610C25AE3+3532675]\n   \tGetHandleVerifier [0x00007FF610C1B0E0+3489152]\n   \tGetHandleVerifier [0x00007FF61097E776+750614]\n   \t(No symbol) [0x00007FF61085375F]\n   \t(No symbol) [0x00007FF61084EB14]\n   \t(No symbol) [0x00007FF61084ECA2]\n   \t(No symbol) [0x00007FF61083E16F]\n   \tBaseThreadInitThunk [0x00007FF906BE257D+29]\n   \tRtlUserThreadStart [0x00007FF907E6AF28+40]\n", "test_name": "test_pjtASOC", "rerun": "0"}}, "status": {"total_pass": 0, "total_skip": 0, "total_xpass": 0, "total_xfail": 0, "total_rerun": 0, "total_fail": 1, "total_error": 0}}, "13": {"suite_name": "test_014_fundraise.py", "tests": {"0": {"status": "FAIL", "message": "   selenium.common.exceptions.NoSuchWindowException: Message: no such window: target window already closed\n   from unknown error: web view not found\n     (Session info: chrome=126.0.6478.127)\n   Stacktrace:\n   \tGetHandleVerifier [0x00007FF6108CEEA2+31554]\n   \t(No symbol) [0x00007FF610847ED9]\n   \t(No symbol) [0x00007FF61070872A]\n   \t(No symbol) [0x00007FF6106DD995]\n   \t(No symbol) [0x00007FF6107844D7]\n   \t(No symbol) [0x00007FF61079C051]\n   \t(No symbol) [0x00007FF61077CDD3]\n   \t(No symbol) [0x00007FF61074A33B]\n   \t(No symbol) [0x00007FF61074AED1]\n   \tGetHandleVerifier [0x00007FF610BD8B1D+3217341]\n   \tGetHandleVerifier [0x00007FF610C25AE3+3532675]\n   \tGetHandleVerifier [0x00007FF610C1B0E0+3489152]\n   \tGetHandleVerifier [0x00007FF61097E776+750614]\n   \t(No symbol) [0x00007FF61085375F]\n   \t(No symbol) [0x00007FF61084EB14]\n   \t(No symbol) [0x00007FF61084ECA2]\n   \t(No symbol) [0x00007FF61083E16F]\n   \tBaseThreadInitThunk [0x00007FF906BE257D+29]\n   \tRtlUserThreadStart [0x00007FF907E6AF28+40]\n", "test_name": "test_fundreview", "rerun": "0"}, "1": {"status": "FAIL", "message": "   selenium.common.exceptions.NoSuchWindowException: Message: no such window: target window already closed\n   from unknown error: web view not found\n     (Session info: chrome=126.0.6478.127)\n   Stacktrace:\n   \tGetHandleVerifier [0x00007FF6108CEEA2+31554]\n   \t(No symbol) [0x00007FF610847ED9]\n   \t(No symbol) [0x00007FF61070872A]\n   \t(No symbol) [0x00007FF6106DD995]\n   \t(No symbol) [0x00007FF6107844D7]\n   \t(No symbol) [0x00007FF61079C051]\n   \t(No symbol) [0x00007FF61077CDD3]\n   \t(No symbol) [0x00007FF61074A33B]\n   \t(No symbol) [0x00007FF61074AED1]\n   \tGetHandleVerifier [0x00007FF610BD8B1D+3217341]\n   \tGetHandleVerifier [0x00007FF610C25AE3+3532675]\n   \tGetHandleVerifier [0x00007FF610C1B0E0+3489152]\n   \tGetHandleVerifier [0x00007FF61097E776+750614]\n   \t(No symbol) [0x00007FF61085375F]\n   \t(No symbol) [0x00007FF61084EB14]\n   \t(No symbol) [0x00007FF61084ECA2]\n   \t(No symbol) [0x00007FF61083E16F]\n   \tBaseThreadInitThunk [0x00007FF906BE257D+29]\n   \tRtlUserThreadStart [0x00007FF907E6AF28+40]\n", "test_name": "test_fundreport", "rerun": "0"}, "2": {"status": "FAIL", "message": "   selenium.common.exceptions.NoSuchWindowException: Message: no such window: target window already closed\n   from unknown error: web view not found\n     (Session info: chrome=126.0.6478.127)\n   Stacktrace:\n   \tGetHandleVerifier [0x00007FF6108CEEA2+31554]\n   \t(No symbol) [0x00007FF610847ED9]\n   \t(No symbol) [0x00007FF61070872A]\n   \t(No symbol) [0x00007FF6106DD995]\n   \t(No symbol) [0x00007FF6107844D7]\n   \t(No symbol) [0x00007FF61079C051]\n   \t(No symbol) [0x00007FF61077CDD3]\n   \t(No symbol) [0x00007FF61074A33B]\n   \t(No symbol) [0x00007FF61074AED1]\n   \tGetHandleVerifier [0x00007FF610BD8B1D+3217341]\n   \tGetHandleVerifier [0x00007FF610C25AE3+3532675]\n   \tGetHandleVerifier [0x00007FF610C1B0E0+3489152]\n   \tGetHandleVerifier [0x00007FF61097E776+750614]\n   \t(No symbol) [0x00007FF61085375F]\n   \t(No symbol) [0x00007FF61084EB14]\n   \t(No symbol) [0x00007FF61084ECA2]\n   \t(No symbol) [0x00007FF61083E16F]\n   \tBaseThreadInitThunk [0x00007FF906BE257D+29]\n   \tRtlUserThreadStart [0x00007FF907E6AF28+40]\n", "test_name": "test_fundcopylink", "rerun": "0"}, "3": {"status": "FAIL", "message": "   selenium.common.exceptions.NoSuchWindowException: Message: no such window: target window already closed\n   from unknown error: web view not found\n     (Session info: chrome=126.0.6478.127)\n   Stacktrace:\n   \tGetHandleVerifier [0x00007FF6108CEEA2+31554]\n   \t(No symbol) [0x00007FF610847ED9]\n   \t(No symbol) [0x00007FF61070872A]\n   \t(No symbol) [0x00007FF6106DD995]\n   \t(No symbol) [0x00007FF6107844D7]\n   \t(No symbol) [0x00007FF61079C051]\n   \t(No symbol) [0x00007FF61077CDD3]\n   \t(No symbol) [0x00007FF61074A33B]\n   \t(No symbol) [0x00007FF61074AED1]\n   \tGetHandleVerifier [0x00007FF610BD8B1D+3217341]\n   \tGetHandleVerifier [0x00007FF610C25AE3+3532675]\n   \tGetHandleVerifier [0x00007FF610C1B0E0+3489152]\n   \tGetHandleVerifier [0x00007FF61097E776+750614]\n   \t(No symbol) [0x00007FF61085375F]\n   \t(No symbol) [0x00007FF61084EB14]\n   \t(No symbol) [0x00007FF61084ECA2]\n   \t(No symbol) [0x00007FF61083E16F]\n   \tBaseThreadInitThunk [0x00007FF906BE257D+29]\n   \tRtlUserThreadStart [0x00007FF907E6AF28+40]\n", "test_name": "test_fundsave", "rerun": "0"}, "4": {"status": "FAIL", "message": "   selenium.common.exceptions.NoSuchWindowException: Message: no such window: target window already closed\n   from unknown error: web view not found\n     (Session info: chrome=126.0.6478.127)\n   Stacktrace:\n   \tGetHandleVerifier [0x00007FF6108CEEA2+31554]\n   \t(No symbol) [0x00007FF610847ED9]\n   \t(No symbol) [0x00007FF61070872A]\n   \t(No symbol) [0x00007FF6106DD995]\n   \t(No symbol) [0x00007FF6107844D7]\n   \t(No symbol) [0x00007FF61079C051]\n   \t(No symbol) [0x00007FF61077CDD3]\n   \t(No symbol) [0x00007FF61074A33B]\n   \t(No symbol) [0x00007FF61074AED1]\n   \tGetHandleVerifier [0x00007FF610BD8B1D+3217341]\n   \tGetHandleVerifier [0x00007FF610C25AE3+3532675]\n   \tGetHandleVerifier [0x00007FF610C1B0E0+3489152]\n   \tGetHandleVerifier [0x00007FF61097E776+750614]\n   \t(No symbol) [0x00007FF61085375F]\n   \t(No symbol) [0x00007FF61084EB14]\n   \t(No symbol) [0x00007FF61084ECA2]\n   \t(No symbol) [0x00007FF61083E16F]\n   \tBaseThreadInitThunk [0x00007FF906BE257D+29]\n   \tRtlUserThreadStart [0x00007FF907E6AF28+40]\n", "test_name": "test_fundnotinterested", "rerun": "0"}, "5": {"status": "FAIL", "message": "   selenium.common.exceptions.NoSuchWindowException: Message: no such window: target window already closed\n   from unknown error: web view not found\n     (Session info: chrome=126.0.6478.127)\n   Stacktrace:\n   \tGetHandleVerifier [0x00007FF6108CEEA2+31554]\n   \t(No symbol) [0x00007FF610847ED9]\n   \t(No symbol) [0x00007FF61070872A]\n   \t(No symbol) [0x00007FF6106DD995]\n   \t(No symbol) [0x00007FF6107844D7]\n   \t(No symbol) [0x00007FF61079C051]\n   \t(No symbol) [0x00007FF61077CDD3]\n   \t(No symbol) [0x00007FF61074A33B]\n   \t(No symbol) [0x00007FF61074AED1]\n   \tGetHandleVerifier [0x00007FF610BD8B1D+3217341]\n   \tGetHandleVerifier [0x00007FF610C25AE3+3532675]\n   \tGetHandleVerifier [0x00007FF610C1B0E0+3489152]\n   \tGetHandleVerifier [0x00007FF61097E776+750614]\n   \t(No symbol) [0x00007FF61085375F]\n   \t(No symbol) [0x00007FF61084EB14]\n   \t(No symbol) [0x00007FF61084ECA2]\n   \t(No symbol) [0x00007FF61083E16F]\n   \tBaseThreadInitThunk [0x00007FF906BE257D+29]\n   \tRtlUserThreadStart [0x00007FF907E6AF28+40]\n", "test_name": "test_fundlikeSuperlike", "rerun": "0"}}, "status": {"total_pass": 0, "total_skip": 0, "total_xpass": 0, "total_xfail": 0, "total_rerun": 0, "total_fail": 6, "total_error": 0}}, "14": {"suite_name": "test_015_passwordchange.py", "tests": {"0": {"status": "FAIL", "message": "   selenium.common.exceptions.NoSuchWindowException: Message: no such window: target window already closed\n   from unknown error: web view not found\n     (Session info: chrome=126.0.6478.127)\n   Stacktrace:\n   \tGetHandleVerifier [0x00007FF6108CEEA2+31554]\n   \t(No symbol) [0x00007FF610847ED9]\n   \t(No symbol) [0x00007FF61070872A]\n   \t(No symbol) [0x00007FF6106DD995]\n   \t(No symbol) [0x00007FF6107844D7]\n   \t(No symbol) [0x00007FF61079C051]\n   \t(No symbol) [0x00007FF61077CDD3]\n   \t(No symbol) [0x00007FF61074A33B]\n   \t(No symbol) [0x00007FF61074AED1]\n   \tGetHandleVerifier [0x00007FF610BD8B1D+3217341]\n   \tGetHandleVerifier [0x00007FF610C25AE3+3532675]\n   \tGetHandleVerifier [0x00007FF610C1B0E0+3489152]\n   \tGetHandleVerifier [0x00007FF61097E776+750614]\n   \t(No symbol) [0x00007FF61085375F]\n   \t(No symbol) [0x00007FF61084EB14]\n   \t(No symbol) [0x00007FF61084ECA2]\n   \t(No symbol) [0x00007FF61083E16F]\n   \tBaseThreadInitThunk [0x00007FF906BE257D+29]\n   \tRtlUserThreadStart [0x00007FF907E6AF28+40]\n", "test_name": "test_forgotpassword", "rerun": "0"}}, "status": {"total_pass": 0, "total_skip": 0, "total_xpass": 0, "total_xfail": 0, "total_rerun": 0, "total_fail": 1, "total_error": 0}}, "15": {"suite_name": "test_016_followfollowers.py", "tests": {"0": {"status": "FAIL", "message": "   selenium.common.exceptions.NoSuchWindowException: Message: no such window: target window already closed\n   from unknown error: web view not found\n     (Session info: chrome=126.0.6478.127)\n   Stacktrace:\n   \tGetHandleVerifier [0x00007FF6108CEEA2+31554]\n   \t(No symbol) [0x00007FF610847ED9]\n   \t(No symbol) [0x00007FF61070872A]\n   \t(No symbol) [0x00007FF6106DD995]\n   \t(No symbol) [0x00007FF6107844D7]\n   \t(No symbol) [0x00007FF61079C051]\n   \t(No symbol) [0x00007FF61077CDD3]\n   \t(No symbol) [0x00007FF61074A33B]\n   \t(No symbol) [0x00007FF61074AED1]\n   \tGetHandleVerifier [0x00007FF610BD8B1D+3217341]\n   \tGetHandleVerifier [0x00007FF610C25AE3+3532675]\n   \tGetHandleVerifier [0x00007FF610C1B0E0+3489152]\n   \tGetHandleVerifier [0x00007FF61097E776+750614]\n   \t(No symbol) [0x00007FF61085375F]\n   \t(No symbol) [0x00007FF61084EB14]\n   \t(No symbol) [0x00007FF61084ECA2]\n   \t(No symbol) [0x00007FF61083E16F]\n   \tBaseThreadInitThunk [0x00007FF906BE257D+29]\n   \tRtlUserThreadStart [0x00007FF907E6AF28+40]\n", "test_name": "test_followfollowers", "rerun": "0"}}, "status": {"total_pass": 0, "total_skip": 0, "total_xpass": 0, "total_xfail": 0, "total_rerun": 0, "total_fail": 1, "total_error": 0}}, "16": {"suite_name": "test_017_projectsubscription.py", "tests": {"0": {"status": "FAIL", "message": "   selenium.common.exceptions.NoSuchWindowException: Message: no such window: target window already closed\n   from unknown error: web view not found\n     (Session info: chrome=126.0.6478.127)\n   Stacktrace:\n   \tGetHandleVerifier [0x00007FF6108CEEA2+31554]\n   \t(No symbol) [0x00007FF610847ED9]\n   \t(No symbol) [0x00007FF61070872A]\n   \t(No symbol) [0x00007FF6106DD995]\n   \t(No symbol) [0x00007FF6107844D7]\n   \t(No symbol) [0x00007FF61079C051]\n   \t(No symbol) [0x00007FF61077CDD3]\n   \t(No symbol) [0x00007FF61074A33B]\n   \t(No symbol) [0x00007FF61074AED1]\n   \tGetHandleVerifier [0x00007FF610BD8B1D+3217341]\n   \tGetHandleVerifier [0x00007FF610C25AE3+3532675]\n   \tGetHandleVerifier [0x00007FF610C1B0E0+3489152]\n   \tGetHandleVerifier [0x00007FF61097E776+750614]\n   \t(No symbol) [0x00007FF61085375F]\n   \t(No symbol) [0x00007FF61084EB14]\n   \t(No symbol) [0x00007FF61084ECA2]\n   \t(No symbol) [0x00007FF61083E16F]\n   \tBaseThreadInitThunk [0x00007FF906BE257D+29]\n   \tRtlUserThreadStart [0x00007FF907E6AF28+40]\n", "test_name": "test_projecttypesubscription", "rerun": "0"}, "1": {"status": "FAIL", "message": "   selenium.common.exceptions.NoSuchWindowException: Message: no such window: target window already closed\n   from unknown error: web view not found\n     (Session info: chrome=126.0.6478.127)\n   Stacktrace:\n   \tGetHandleVerifier [0x00007FF6108CEEA2+31554]\n   \t(No symbol) [0x00007FF610847ED9]\n   \t(No symbol) [0x00007FF61070872A]\n   \t(No symbol) [0x00007FF6106DD995]\n   \t(No symbol) [0x00007FF6107844D7]\n   \t(No symbol) [0x00007FF61079C051]\n   \t(No symbol) [0x00007FF61077CDD3]\n   \t(No symbol) [0x00007FF61074A33B]\n   \t(No symbol) [0x00007FF61074AED1]\n   \tGetHandleVerifier [0x00007FF610BD8B1D+3217341]\n   \tGetHandleVerifier [0x00007FF610C25AE3+3532675]\n   \tGetHandleVerifier [0x00007FF610C1B0E0+3489152]\n   \tGetHandleVerifier [0x00007FF61097E776+750614]\n   \t(No symbol) [0x00007FF61085375F]\n   \t(No symbol) [0x00007FF61084EB14]\n   \t(No symbol) [0x00007FF61084ECA2]\n   \t(No symbol) [0x00007FF61083E16F]\n   \tBaseThreadInitThunk [0x00007FF906BE257D+29]\n   \tRtlUserThreadStart [0x00007FF907E6AF28+40]\n", "test_name": "test_pjtstaffsubscription", "rerun": "0"}, "2": {"status": "FAIL", "message": "   selenium.common.exceptions.NoSuchWindowException: Message: no such window: target window already closed\n   from unknown error: web view not found\n     (Session info: chrome=126.0.6478.127)\n   Stacktrace:\n   \tGetHandleVerifier [0x00007FF6108CEEA2+31554]\n   \t(No symbol) [0x00007FF610847ED9]\n   \t(No symbol) [0x00007FF61070872A]\n   \t(No symbol) [0x00007FF6106DD995]\n   \t(No symbol) [0x00007FF6107844D7]\n   \t(No symbol) [0x00007FF61079C051]\n   \t(No symbol) [0x00007FF61077CDD3]\n   \t(No symbol) [0x00007FF61074A33B]\n   \t(No symbol) [0x00007FF61074AED1]\n   \tGetHandleVerifier [0x00007FF610BD8B1D+3217341]\n   \tGetHandleVerifier [0x00007FF610C25AE3+3532675]\n   \tGetHandleVerifier [0x00007FF610C1B0E0+3489152]\n   \tGetHandleVerifier [0x00007FF61097E776+750614]\n   \t(No symbol) [0x00007FF61085375F]\n   \t(No symbol) [0x00007FF61084EB14]\n   \t(No symbol) [0x00007FF61084ECA2]\n   \t(No symbol) [0x00007FF61083E16F]\n   \tBaseThreadInitThunk [0x00007FF906BE257D+29]\n   \tRtlUserThreadStart [0x00007FF907E6AF28+40]\n", "test_name": "test_projecttypeapplyPositive", "rerun": "0"}, "3": {"status": "FAIL", "message": "   selenium.common.exceptions.NoSuchWindowException: Message: no such window: target window already closed\n   from unknown error: web view not found\n     (Session info: chrome=126.0.6478.127)\n   Stacktrace:\n   \tGetHandleVerifier [0x00007FF6108CEEA2+31554]\n   \t(No symbol) [0x00007FF610847ED9]\n   \t(No symbol) [0x00007FF61070872A]\n   \t(No symbol) [0x00007FF6106DD995]\n   \t(No symbol) [0x00007FF6107844D7]\n   \t(No symbol) [0x00007FF61079C051]\n   \t(No symbol) [0x00007FF61077CDD3]\n   \t(No symbol) [0x00007FF61074A33B]\n   \t(No symbol) [0x00007FF61074AED1]\n   \tGetHandleVerifier [0x00007FF610BD8B1D+3217341]\n   \tGetHandleVerifier [0x00007FF610C25AE3+3532675]\n   \tGetHandleVerifier [0x00007FF610C1B0E0+3489152]\n   \tGetHandleVerifier [0x00007FF61097E776+750614]\n   \t(No symbol) [0x00007FF61085375F]\n   \t(No symbol) [0x00007FF61084EB14]\n   \t(No symbol) [0x00007FF61084ECA2]\n   \t(No symbol) [0x00007FF61083E16F]\n   \tBaseThreadInitThunk [0x00007FF906BE257D+29]\n   \tRtlUserThreadStart [0x00007FF907E6AF28+40]\n", "test_name": "test_pjtstaffapplysubscrition", "rerun": "0"}}, "status": {"total_pass": 0, "total_skip": 0, "total_xpass": 0, "total_xfail": 0, "total_rerun": 0, "total_fail": 4, "total_error": 0}}}}, "date": "July 01, 2024", "start_time": 1719830888.7723362, "total_suite": 17, "status": "FAIL", "status_list": {"pass": "4", "fail": "43", "skip": "0", "error": "0", "xpass": "0", "xfail": "0", "rerun": "0"}, "total_tests": "47"}