{"content": {"suites": {"0": {"status": {"total_pass": 0, "total_skip": 0, "total_xpass": 0, "total_xfail": 0, "total_rerun": 0, "total_fail": 2, "total_error": 0}, "tests": {"0": {"status": "FAIL", "message": "   selenium.common.exceptions.NoSuchElementException: Message: no such element: Unable to locate element: {\"method\":\"xpath\",\"selector\":\"/html/body/div[1]/div[2]/div/div[2]/a[1]\"}\n     (Session info: MicrosoftEdge=125.0.2535.92); For documentation on this error, please visit: https://www.selenium.dev/documentation/webdriver/troubleshooting/errors#no-such-element-exception\n   Stacktrace:\n   \tGetHandleVerifier [0x00007FF756B75DD2+61250]\n   \tMicrosoft::Applications::Events::ILogConfiguration::operator* [0x00007FF756B006D9+206985]\n   \t(No symbol) [0x00007FF75690E3C7]\n   \t(No symbol) [0x00007FF7569552A3]\n   \t(No symbol) [0x00007FF756955366]\n   \t(No symbol) [0x00007FF7569902C7]\n   \t(No symbol) [0x00007FF75697493F]\n   \t(No symbol) [0x00007FF75694AAA7]\n   \t(No symbol) [0x00007FF75698DEB7]\n   \t(No symbol) [0x00007FF756974563]\n   \t(No symbol) [0x00007FF756949FCE]\n   \t(No symbol) [0x00007FF75694918C]\n   \t(No symbol) [0x00007FF756949B81]\n   \tMicrosoft::Applications::Events::EventProperty::to_string [0x00007FF756D2DF64+1072532]\n   \t(No symbol) [0x00007FF7569C2D9C]\n   \tMicrosoft::Applications::Events::EventProperty::~EventProperty [0x00007FF756A6EF4C+51468]\n   \tMicrosoft::Applications::Events::EventProperty::~EventProperty [0x00007FF756A63805+4549]\n   \tMicrosoft::Applications::Events::EventProperty::to_string [0x00007FF756D2CF25+1068373]\n   \tMicrosoft::Applications::Events::ILogConfiguration::operator* [0x00007FF756B0A0E1+246417]\n   \tMicrosoft::Applications::Events::ILogConfiguration::operator* [0x00007FF756B05444+226804]\n   \tMicrosoft::Applications::Events::ILogConfiguration::operator* [0x00007FF756B0557B+227115]\n   \tMicrosoft::Applications::Events::ILogConfiguration::operator* [0x00007FF756AFBD70+188192]\n   \tBaseThreadInitThunk [0x00007FF84B90257D+29]\n   \tRtlUserThreadStart [0x00007FF84C02AA48+40]\n", "test_name": "test_positivecompanyRegistration", "rerun": "0"}, "1": {"status": "FAIL", "message": "   selenium.common.exceptions.NoSuchElementException: Message: no such element: Unable to locate element: {\"method\":\"xpath\",\"selector\":\"/html/body/div[1]/div[2]/div/div[2]/a[1]\"}\n     (Session info: MicrosoftEdge=125.0.2535.92); For documentation on this error, please visit: https://www.selenium.dev/documentation/webdriver/troubleshooting/errors#no-such-element-exception\n   Stacktrace:\n   \tGetHandleVerifier [0x00007FF756B75DD2+61250]\n   \tMicrosoft::Applications::Events::ILogConfiguration::operator* [0x00007FF756B006D9+206985]\n   \t(No symbol) [0x00007FF75690E3C7]\n   \t(No symbol) [0x00007FF7569552A3]\n   \t(No symbol) [0x00007FF756955366]\n   \t(No symbol) [0x00007FF7569902C7]\n   \t(No symbol) [0x00007FF75697493F]\n   \t(No symbol) [0x00007FF75694AAA7]\n   \t(No symbol) [0x00007FF75698DEB7]\n   \t(No symbol) [0x00007FF756974563]\n   \t(No symbol) [0x00007FF756949FCE]\n   \t(No symbol) [0x00007FF75694918C]\n   \t(No symbol) [0x00007FF756949B81]\n   \tMicrosoft::Applications::Events::EventProperty::to_string [0x00007FF756D2DF64+1072532]\n   \t(No symbol) [0x00007FF7569C2D9C]\n   \tMicrosoft::Applications::Events::EventProperty::~EventProperty [0x00007FF756A6EF4C+51468]\n   \tMicrosoft::Applications::Events::EventProperty::~EventProperty [0x00007FF756A63805+4549]\n   \tMicrosoft::Applications::Events::EventProperty::to_string [0x00007FF756D2CF25+1068373]\n   \tMicrosoft::Applications::Events::ILogConfiguration::operator* [0x00007FF756B0A0E1+246417]\n   \tMicrosoft::Applications::Events::ILogConfiguration::operator* [0x00007FF756B05444+226804]\n   \tMicrosoft::Applications::Events::ILogConfiguration::operator* [0x00007FF756B0557B+227115]\n   \tMicrosoft::Applications::Events::ILogConfiguration::operator* [0x00007FF756AFBD70+188192]\n   \tBaseThreadInitThunk [0x00007FF84B90257D+29]\n   \tRtlUserThreadStart [0x00007FF84C02AA48+40]\n", "test_name": "test_negativecompanyRegistration", "rerun": "0"}}, "suite_name": "test_002_companyRegistration.py"}}}, "date": "June 11, 2024", "start_time": 1718086369.857559, "total_suite": 1, "status": "FAIL", "status_list": {"pass": "0", "fail": "2", "skip": "0", "error": "0", "xpass": "0", "xfail": "0", "rerun": "0"}, "total_tests": "2"}