{"content": {"suites": {"0": {"status": {"total_pass": 0, "total_skip": 0, "total_xpass": 0, "total_xfail": 0, "total_rerun": 0, "total_fail": 2, "total_error": 0}, "tests": {"0": {"status": "FAIL", "message": "   selenium.common.exceptions.NoSuchElementException: Message: no such element: Unable to locate element: {\"method\":\"xpath\",\"selector\":\"/html/body/div[1]/div[2]/section[1]/main/div/div/main/section[9]/section/section/div[2]/div\"}\n     (Session info: chrome=123.0.6312.123); For documentation on this error, please visit: https://www.selenium.dev/documentation/webdriver/troubleshooting/errors#no-such-element-exception\n   Stacktrace:\n   \tGetHandleVerifier [0x00007FF6C63E7032+63090]\n   \t(No symbol) [0x00007FF6C6352C82]\n   \t(No symbol) [0x00007FF6C61EEC65]\n   \t(No symbol) [0x00007FF6C623499D]\n   \t(No symbol) [0x00007FF6C6234ADC]\n   \t(No symbol) [0x00007FF6C6275B37]\n   \t(No symbol) [0x00007FF6C625701F]\n   \t(No symbol) [0x00007FF6C6273412]\n   \t(No symbol) [0x00007FF6C6256D83]\n   \t(No symbol) [0x00007FF6C62283A8]\n   \t(No symbol) [0x00007FF6C6229441]\n   \tGetHandleVerifier [0x00007FF6C67E25AD+4238317]\n   \tGetHandleVerifier [0x00007FF6C681F70D+4488525]\n   \tGetHandleVerifier [0x00007FF6C68179EF+4456495]\n   \tGetHandleVerifier [0x00007FF6C64C0576+953270]\n   \t(No symbol) [0x00007FF6C635E54F]\n   \t(No symbol) [0x00007FF6C6359224]\n   \t(No symbol) [0x00007FF6C635935B]\n   \t(No symbol) [0x00007FF6C6349B94]\n   \tBaseThreadInitThunk [0x00007FFCAE64257D+29]\n   \tRtlUserThreadStart [0x00007FFCB04EAA48+40]\n", "test_name": "test_editFooterPositive", "rerun": "0"}, "1": {"status": "FAIL", "message": "   selenium.common.exceptions.NoSuchElementException: Message: no such element: Unable to locate element: {\"method\":\"xpath\",\"selector\":\"/html/body/div[1]/div[2]/section[1]/main/div/div/main/section[9]/section/section/div[2]/div\"}\n     (Session info: chrome=123.0.6312.123); For documentation on this error, please visit: https://www.selenium.dev/documentation/webdriver/troubleshooting/errors#no-such-element-exception\n   Stacktrace:\n   \tGetHandleVerifier [0x00007FF6C63E7032+63090]\n   \t(No symbol) [0x00007FF6C6352C82]\n   \t(No symbol) [0x00007FF6C61EEC65]\n   \t(No symbol) [0x00007FF6C623499D]\n   \t(No symbol) [0x00007FF6C6234ADC]\n   \t(No symbol) [0x00007FF6C6275B37]\n   \t(No symbol) [0x00007FF6C625701F]\n   \t(No symbol) [0x00007FF6C6273412]\n   \t(No symbol) [0x00007FF6C6256D83]\n   \t(No symbol) [0x00007FF6C62283A8]\n   \t(No symbol) [0x00007FF6C6229441]\n   \tGetHandleVerifier [0x00007FF6C67E25AD+4238317]\n   \tGetHandleVerifier [0x00007FF6C681F70D+4488525]\n   \tGetHandleVerifier [0x00007FF6C68179EF+4456495]\n   \tGetHandleVerifier [0x00007FF6C64C0576+953270]\n   \t(No symbol) [0x00007FF6C635E54F]\n   \t(No symbol) [0x00007FF6C6359224]\n   \t(No symbol) [0x00007FF6C635935B]\n   \t(No symbol) [0x00007FF6C6349B94]\n   \tBaseThreadInitThunk [0x00007FFCAE64257D+29]\n   \tRtlUserThreadStart [0x00007FFCB04EAA48+40]\n", "test_name": "test_editFooterCheck", "rerun": "0"}}, "suite_name": "test_010_editFooter.py"}}}, "date": "April 17, 2024", "start_time": 1713356682.1934178, "total_suite": 1, "status": "FAIL", "status_list": {"pass": "0", "fail": "2", "skip": "0", "error": "0", "xpass": "0", "xfail": "0", "rerun": "0"}, "total_tests": "2"}