{"content": {"suites": {"0": {"status": {"total_pass": 0, "total_skip": 0, "total_xpass": 0, "total_xfail": 0, "total_rerun": 0, "total_fail": 6, "total_error": 0}, "tests": {"0": {"status": "FAIL", "message": "   selenium.common.exceptions.WebDriverException: Message: unknown error: net::ERR_CONNECTION_REFUSED\n     (Session info: chrome=129.0.6668.101)\n   Stacktrace:\n   \tGetHandleVerifier [0x00007FF6D4D8B095+29557]\n   \t(No symbol) [0x00007FF6D4CFFA50]\n   \t(No symbol) [0x00007FF6D4BBB56A]\n   \t(No symbol) [0x00007FF6D4BB356D]\n   \t(No symbol) [0x00007FF6D4BA4459]\n   \t(No symbol) [0x00007FF6D4BA6202]\n   \t(No symbol) [0x00007FF6D4BA471F]\n   \t(No symbol) [0x00007FF6D4BA3FAB]\n   \t(No symbol) [0x00007FF6D4BA3EEA]\n   \t(No symbol) [0x00007FF6D4BA1D65]\n   \t(No symbol) [0x00007FF6D4BA23DC]\n   \t(No symbol) [0x00007FF6D4BBE6A1]\n   \t(No symbol) [0x00007FF6D4C5933E]\n   \t(No symbol) [0x00007FF6D4C3718A]\n   \t(No symbol) [0x00007FF6D4C5851C]\n   \t(No symbol) [0x00007FF6D4C36F33]\n   \t(No symbol) [0x00007FF6D4C0116F]\n   \t(No symbol) [0x00007FF6D4C022D1]\n   \tGetHandleVerifier [0x00007FF6D50BC96D+3378253]\n   \tGetHandleVerifier [0x00007FF6D5108497+3688311]\n   \tGetHandleVerifier [0x00007FF6D50FD1CB+3642539]\n   \tGetHandleVerifier [0x00007FF6D4E4A6B6+813462]\n   \t(No symbol) [0x00007FF6D4D0AB5F]\n   \t(No symbol) [0x00007FF6D4D06B74]\n   \t(No symbol) [0x00007FF6D4D06D10]\n   \t(No symbol) [0x00007FF6D4CF5C1F]\n   \tBaseThreadInitThunk [0x00007FFBE74D257D+29]\n   \tRtlUserThreadStart [0x00007FFBE884AF28+40]\n", "test_name": "test_positivecompanyRegistration", "rerun": "0"}, "1": {"status": "FAIL", "message": "   selenium.common.exceptions.NoSuchWindowException: Message: no such window: target window already closed\n   from unknown error: web view not found\n     (Session info: chrome=129.0.6668.101)\n   Stacktrace:\n   \tGetHandleVerifier [0x00007FF6D4D8B095+29557]\n   \t(No symbol) [0x00007FF6D4CFFA50]\n   \t(No symbol) [0x00007FF6D4BBB56A]\n   \t(No symbol) [0x00007FF6D4B8FCC5]\n   \t(No symbol) [0x00007FF6D4C3EE07]\n   \t(No symbol) [0x00007FF6D4C57E21]\n   \t(No symbol) [0x00007FF6D4C36F33]\n   \t(No symbol) [0x00007FF6D4C0116F]\n   \t(No symbol) [0x00007FF6D4C022D1]\n   \tGetHandleVerifier [0x00007FF6D50BC96D+3378253]\n   \tGetHandleVerifier [0x00007FF6D5108497+3688311]\n   \tGetHandleVerifier [0x00007FF6D50FD1CB+3642539]\n   \tGetHandleVerifier [0x00007FF6D4E4A6B6+813462]\n   \t(No symbol) [0x00007FF6D4D0AB5F]\n   \t(No symbol) [0x00007FF6D4D06B74]\n   \t(No symbol) [0x00007FF6D4D06D10]\n   \t(No symbol) [0x00007FF6D4CF5C1F]\n   \tBaseThreadInitThunk [0x00007FFBE74D257D+29]\n   \tRtlUserThreadStart [0x00007FFBE884AF28+40]\n", "test_name": "test_Signupnegative1Home", "rerun": "0"}, "2": {"status": "FAIL", "message": "   selenium.common.exceptions.NoSuchWindowException: Message: no such window: target window already closed\n   from unknown error: web view not found\n     (Session info: chrome=129.0.6668.101)\n   Stacktrace:\n   \tGetHandleVerifier [0x00007FF6D4D8B095+29557]\n   \t(No symbol) [0x00007FF6D4CFFA50]\n   \t(No symbol) [0x00007FF6D4BBB56A]\n   \t(No symbol) [0x00007FF6D4B8FCC5]\n   \t(No symbol) [0x00007FF6D4C3EE07]\n   \t(No symbol) [0x00007FF6D4C57E21]\n   \t(No symbol) [0x00007FF6D4C36F33]\n   \t(No symbol) [0x00007FF6D4C0116F]\n   \t(No symbol) [0x00007FF6D4C022D1]\n   \tGetHandleVerifier [0x00007FF6D50BC96D+3378253]\n   \tGetHandleVerifier [0x00007FF6D5108497+3688311]\n   \tGetHandleVerifier [0x00007FF6D50FD1CB+3642539]\n   \tGetHandleVerifier [0x00007FF6D4E4A6B6+813462]\n   \t(No symbol) [0x00007FF6D4D0AB5F]\n   \t(No symbol) [0x00007FF6D4D06B74]\n   \t(No symbol) [0x00007FF6D4D06D10]\n   \t(No symbol) [0x00007FF6D4CF5C1F]\n   \tBaseThreadInitThunk [0x00007FFBE74D257D+29]\n   \tRtlUserThreadStart [0x00007FFBE884AF28+40]\n", "test_name": "test_Signupnegative2Home", "rerun": "0"}, "3": {"status": "FAIL", "message": "   selenium.common.exceptions.NoSuchWindowException: Message: no such window: target window already closed\n   from unknown error: web view not found\n     (Session info: chrome=129.0.6668.101)\n   Stacktrace:\n   \tGetHandleVerifier [0x00007FF6D4D8B095+29557]\n   \t(No symbol) [0x00007FF6D4CFFA50]\n   \t(No symbol) [0x00007FF6D4BBB56A]\n   \t(No symbol) [0x00007FF6D4B8FCC5]\n   \t(No symbol) [0x00007FF6D4C3EE07]\n   \t(No symbol) [0x00007FF6D4C57E21]\n   \t(No symbol) [0x00007FF6D4C36F33]\n   \t(No symbol) [0x00007FF6D4C0116F]\n   \t(No symbol) [0x00007FF6D4C022D1]\n   \tGetHandleVerifier [0x00007FF6D50BC96D+3378253]\n   \tGetHandleVerifier [0x00007FF6D5108497+3688311]\n   \tGetHandleVerifier [0x00007FF6D50FD1CB+3642539]\n   \tGetHandleVerifier [0x00007FF6D4E4A6B6+813462]\n   \t(No symbol) [0x00007FF6D4D0AB5F]\n   \t(No symbol) [0x00007FF6D4D06B74]\n   \t(No symbol) [0x00007FF6D4D06D10]\n   \t(No symbol) [0x00007FF6D4CF5C1F]\n   \tBaseThreadInitThunk [0x00007FFBE74D257D+29]\n   \tRtlUserThreadStart [0x00007FFBE884AF28+40]\n", "test_name": "test_Signupnegative3Home", "rerun": "0"}, "4": {"status": "FAIL", "message": "   selenium.common.exceptions.NoSuchWindowException: Message: no such window: target window already closed\n   from unknown error: web view not found\n     (Session info: chrome=129.0.6668.101)\n   Stacktrace:\n   \tGetHandleVerifier [0x00007FF6D4D8B095+29557]\n   \t(No symbol) [0x00007FF6D4CFFA50]\n   \t(No symbol) [0x00007FF6D4BBB56A]\n   \t(No symbol) [0x00007FF6D4B8FCC5]\n   \t(No symbol) [0x00007FF6D4C3EE07]\n   \t(No symbol) [0x00007FF6D4C57E21]\n   \t(No symbol) [0x00007FF6D4C36F33]\n   \t(No symbol) [0x00007FF6D4C0116F]\n   \t(No symbol) [0x00007FF6D4C022D1]\n   \tGetHandleVerifier [0x00007FF6D50BC96D+3378253]\n   \tGetHandleVerifier [0x00007FF6D5108497+3688311]\n   \tGetHandleVerifier [0x00007FF6D50FD1CB+3642539]\n   \tGetHandleVerifier [0x00007FF6D4E4A6B6+813462]\n   \t(No symbol) [0x00007FF6D4D0AB5F]\n   \t(No symbol) [0x00007FF6D4D06B74]\n   \t(No symbol) [0x00007FF6D4D06D10]\n   \t(No symbol) [0x00007FF6D4CF5C1F]\n   \tBaseThreadInitThunk [0x00007FFBE74D257D+29]\n   \tRtlUserThreadStart [0x00007FFBE884AF28+40]\n", "test_name": "test_Signupnegative4Home", "rerun": "0"}, "5": {"status": "FAIL", "message": "   selenium.common.exceptions.NoSuchWindowException: Message: no such window: target window already closed\n   from unknown error: web view not found\n     (Session info: chrome=129.0.6668.101)\n   Stacktrace:\n   \tGetHandleVerifier [0x00007FF6D4D8B095+29557]\n   \t(No symbol) [0x00007FF6D4CFFA50]\n   \t(No symbol) [0x00007FF6D4BBB56A]\n   \t(No symbol) [0x00007FF6D4B8FCC5]\n   \t(No symbol) [0x00007FF6D4C3EE07]\n   \t(No symbol) [0x00007FF6D4C57E21]\n   \t(No symbol) [0x00007FF6D4C36F33]\n   \t(No symbol) [0x00007FF6D4C0116F]\n   \t(No symbol) [0x00007FF6D4C022D1]\n   \tGetHandleVerifier [0x00007FF6D50BC96D+3378253]\n   \tGetHandleVerifier [0x00007FF6D5108497+3688311]\n   \tGetHandleVerifier [0x00007FF6D50FD1CB+3642539]\n   \tGetHandleVerifier [0x00007FF6D4E4A6B6+813462]\n   \t(No symbol) [0x00007FF6D4D0AB5F]\n   \t(No symbol) [0x00007FF6D4D06B74]\n   \t(No symbol) [0x00007FF6D4D06D10]\n   \t(No symbol) [0x00007FF6D4CF5C1F]\n   \tBaseThreadInitThunk [0x00007FFBE74D257D+29]\n   \tRtlUserThreadStart [0x00007FFBE884AF28+40]\n", "test_name": "test_Signupnegative5Home", "rerun": "0"}}, "suite_name": "test_002_companyRegistration.py"}}}, "date": "October 17, 2024", "start_time": 1729160332.1767118, "total_suite": 1, "status": "FAIL", "status_list": {"pass": "0", "fail": "6", "skip": "0", "error": "0", "xpass": "0", "xfail": "0", "rerun": "0"}, "total_tests": "6"}