{"content": {"suites": {"0": {"status": {"total_pass": 0, "total_skip": 0, "total_xpass": 0, "total_xfail": 0, "total_rerun": 0, "total_fail": 1, "total_error": 0}, "tests": {"0": {"status": "FAIL", "message": "   selenium.common.exceptions.TimeoutException: Message: \n   Stacktrace:\n   \tGetHandleVerifier [0x00007FF6EF091F52+60322]\n   \t(No symbol) [0x00007FF6EF00CEC9]\n   \t(No symbol) [0x00007FF6EEEC7EBA]\n   \t(No symbol) [0x00007FF6EEF17676]\n   \t(No symbol) [0x00007FF6EEF1773C]\n   \t(No symbol) [0x00007FF6EEF5E967]\n   \t(No symbol) [0x00007FF6EEF3C25F]\n   \t(No symbol) [0x00007FF6EEF5BC80]\n   \t(No symbol) [0x00007FF6EEF3BFC3]\n   \t(No symbol) [0x00007FF6EEF09617]\n   \t(No symbol) [0x00007FF6EEF0A211]\n   \tGetHandleVerifier [0x00007FF6EF3A94AD+3301629]\n   \tGetHandleVerifier [0x00007FF6EF3F36D3+3605283]\n   \tGetHandleVerifier [0x00007FF6EF3E9450+3563680]\n   \tGetHandleVerifier [0x00007FF6EF144326+790390]\n   \t(No symbol) [0x00007FF6EF01750F]\n   \t(No symbol) [0x00007FF6EF013404]\n   \t(No symbol) [0x00007FF6EF013592]\n   \t(No symbol) [0x00007FF6EF002F9F]\n   \tBaseThreadInitThunk [0x00007FF906BE257D+29]\n   \tRtlUserThreadStart [0x00007FF907E6AF28+40]\n       AssertionError: An unexpected error occurred\n", "test_name": "test_pjtASOC", "rerun": "0"}}, "suite_name": "test_013_applyproject.py"}}}, "date": "June 20, 2024", "start_time": 1718859854.67808, "total_suite": 1, "status": "FAIL", "status_list": {"pass": "0", "fail": "1", "skip": "0", "error": "0", "xpass": "0", "xfail": "0", "rerun": "0"}, "total_tests": "1"}