{"content": {"suites": {"0": {"status": {"total_pass": 2, "total_skip": 0, "total_xpass": 0, "total_xfail": 0, "total_rerun": 0, "total_fail": 0, "total_error": 0}, "tests": {"0": {"status": "PASS", "message": "", "test_name": "test_editMilestonePositive", "rerun": "0"}, "1": {"status": "PASS", "message": "", "test_name": "test_editMilestoneNegative", "rerun": "0"}}, "suite_name": "test_009_editMilestone.py"}, "1": {"suite_name": "test_010_editFooter.py", "tests": {"0": {"status": "PASS", "message": "", "test_name": "test_editFooterPositive", "rerun": "0"}, "1": {"status": "FAIL", "message": "   selenium.common.exceptions.InvalidSelectorException: Message: invalid selector\n   from javascript error: {\"status\":32,\"value\":\"Unable to locate an element with the xpath expression /html/body/div[1]/div[2]/section[1]/main/div/div/main/section[11]/section/section/div[1]/a[3 because of the following error:\\nSyntaxError: Failed to execute 'evaluate' on 'Document': The string '/html/body/div[1]/div[2]/section[1]/main/div/div/main/section[11]/section/section/div[1]/a[3' is not a valid XPath expression.\"}\n     (Session info: chrome=126.0.6478.127); For documentation on this error, please visit: https://www.selenium.dev/documentation/webdriver/troubleshooting/errors#invalid-selector-exception\n   Stacktrace:\n   \tGetHandleVerifier [0x00007FF69118EEA2+31554]\n   \t(No symbol) [0x00007FF691107ED9]\n   \t(No symbol) [0x00007FF690FC872A]\n   \t(No symbol) [0x00007FF690FCE55E]\n   \t(No symbol) [0x00007FF690FD0EB1]\n   \t(No symbol) [0x00007FF690FD0F50]\n   \t(No symbol) [0x00007FF691017F6C]\n   \t(No symbol) [0x00007FF69101853C]\n   \t(No symbol) [0x00007FF69105F6A7]\n   \t(No symbol) [0x00007FF69103D06F]\n   \t(No symbol) [0x00007FF69105C977]\n   \t(No symbol) [0x00007FF69103CDD3]\n   \t(No symbol) [0x00007FF69100A33B]\n   \t(No symbol) [0x00007FF69100AED1]\n   \tGetHandleVerifier [0x00007FF691498B1D+3217341]\n   \tGetHandleVerifier [0x00007FF6914E5AE3+3532675]\n   \tGetHandleVerifier [0x00007FF6914DB0E0+3489152]\n   \tGetHandleVerifier [0x00007FF69123E776+750614]\n   \t(No symbol) [0x00007FF69111375F]\n   \t(No symbol) [0x00007FF69110EB14]\n   \t(No symbol) [0x00007FF69110ECA2]\n   \t(No symbol) [0x00007FF6910FE16F]\n   \tBaseThreadInitThunk [0x00007FF906BE257D+29]\n   \tRtlUserThreadStart [0x00007FF907E6AF28+40]\n", "test_name": "test_editFooterCheck", "rerun": "0"}}, "status": {"total_pass": 1, "total_skip": 0, "total_xpass": 0, "total_xfail": 0, "total_rerun": 0, "total_fail": 1, "total_error": 0}}, "2": {"suite_name": "test_011_pjtsLinks.py", "tests": {"0": {"status": "FAIL", "message": "   selenium.common.exceptions.ElementNotInteractableException: Message: element not interactable\n     (Session info: chrome=126.0.6478.127)\n   Stacktrace:\n   \tGetHandleVerifier [0x00007FF69118EEA2+31554]\n   \t(No symbol) [0x00007FF691107ED9]\n   \t(No symbol) [0x00007FF690FC8559]\n   \t(No symbol) [0x00007FF6910197C2]\n   \t(No symbol) [0x00007FF69100C151]\n   \t(No symbol) [0x00007FF69103D02A]\n   \t(No symbol) [0x00007FF69100BA76]\n   \t(No symbol) [0x00007FF69103D240]\n   \t(No symbol) [0x00007FF69105C977]\n   \t(No symbol) [0x00007FF69103CDD3]\n   \t(No symbol) [0x00007FF69100A33B]\n   \t(No symbol) [0x00007FF69100AED1]\n   \tGetHandleVerifier [0x00007FF691498B1D+3217341]\n   \tGetHandleVerifier [0x00007FF6914E5AE3+3532675]\n   \tGetHandleVerifier [0x00007FF6914DB0E0+3489152]\n   \tGetHandleVerifier [0x00007FF69123E776+750614]\n   \t(No symbol) [0x00007FF69111375F]\n   \t(No symbol) [0x00007FF69110EB14]\n   \t(No symbol) [0x00007FF69110ECA2]\n   \t(No symbol) [0x00007FF6910FE16F]\n   \tBaseThreadInitThunk [0x00007FF906BE257D+29]\n   \tRtlUserThreadStart [0x00007FF907E6AF28+40]\n", "test_name": "test_addPjtsLinksPositive", "rerun": "0"}}, "status": {"total_pass": 0, "total_skip": 0, "total_xpass": 0, "total_xfail": 0, "total_rerun": 0, "total_fail": 1, "total_error": 0}}}}, "date": "July 02, 2024", "start_time": 1719919799.922164, "total_suite": 3, "status": "FAIL", "status_list": {"pass": "3", "fail": "2", "skip": "0", "error": "0", "xpass": "0", "xfail": "0", "rerun": "0"}, "total_tests": "5"}