{"content": {"suites": {"0": {"status": {"total_pass": 0, "total_skip": 0, "total_xpass": 0, "total_xfail": 0, "total_rerun": 0, "total_fail": 6, "total_error": 0}, "tests": {"0": {"status": "FAIL", "message": "   selenium.common.exceptions.NoSuchElementException: Message: no such element: Unable to locate element: {\"method\":\"xpath\",\"selector\":\"//*[@id='root']/div[2]/div/div[2]/a[2]\"}\n     (Session info: chrome=126.0.6478.114); For documentation on this error, please visit: https://www.selenium.dev/documentation/webdriver/troubleshooting/errors#no-such-element-exception\n   Stacktrace:\n   \tGetHandleVerifier [0x00007FF7EA933E32+31618]\n   \t(No symbol) [0x00007FF7EA8AB099]\n   \t(No symbol) [0x00007FF7EA76888A]\n   \t(No symbol) [0x00007FF7EA7B8524]\n   \t(No symbol) [0x00007FF7EA7B862C]\n   \t(No symbol) [0x00007FF7EA7FF787]\n   \t(No symbol) [0x00007FF7EA7DD14F]\n   \t(No symbol) [0x00007FF7EA7FCA80]\n   \t(No symbol) [0x00007FF7EA7DCEB3]\n   \t(No symbol) [0x00007FF7EA7AA46B]\n   \t(No symbol) [0x00007FF7EA7AB001]\n   \tGetHandleVerifier [0x00007FF7EAC39FFD+3202381]\n   \tGetHandleVerifier [0x00007FF7EAC86A1D+3516269]\n   \tGetHandleVerifier [0x00007FF7EAC7C490+3473888]\n   \tGetHandleVerifier [0x00007FF7EA9E5D36+760454]\n   \t(No symbol) [0x00007FF7EA8B6B3F]\n   \t(No symbol) [0x00007FF7EA8B1CD4]\n   \t(No symbol) [0x00007FF7EA8B1E62]\n   \t(No symbol) [0x00007FF7EA8A120F]\n   \tBaseThreadInitThunk [0x00007FF906BE257D+29]\n   \tRtlUserThreadStart [0x00007FF907E6AF28+40]\n", "test_name": "test_fundreview", "rerun": "0"}, "1": {"status": "FAIL", "message": "   selenium.common.exceptions.NoSuchElementException: Message: no such element: Unable to locate element: {\"method\":\"xpath\",\"selector\":\"//*[@id='root']/div[2]/div/div[2]/a[2]\"}\n     (Session info: chrome=126.0.6478.114); For documentation on this error, please visit: https://www.selenium.dev/documentation/webdriver/troubleshooting/errors#no-such-element-exception\n   Stacktrace:\n   \tGetHandleVerifier [0x00007FF7EA933E32+31618]\n   \t(No symbol) [0x00007FF7EA8AB099]\n   \t(No symbol) [0x00007FF7EA76888A]\n   \t(No symbol) [0x00007FF7EA7B8524]\n   \t(No symbol) [0x00007FF7EA7B862C]\n   \t(No symbol) [0x00007FF7EA7FF787]\n   \t(No symbol) [0x00007FF7EA7DD14F]\n   \t(No symbol) [0x00007FF7EA7FCA80]\n   \t(No symbol) [0x00007FF7EA7DCEB3]\n   \t(No symbol) [0x00007FF7EA7AA46B]\n   \t(No symbol) [0x00007FF7EA7AB001]\n   \tGetHandleVerifier [0x00007FF7EAC39FFD+3202381]\n   \tGetHandleVerifier [0x00007FF7EAC86A1D+3516269]\n   \tGetHandleVerifier [0x00007FF7EAC7C490+3473888]\n   \tGetHandleVerifier [0x00007FF7EA9E5D36+760454]\n   \t(No symbol) [0x00007FF7EA8B6B3F]\n   \t(No symbol) [0x00007FF7EA8B1CD4]\n   \t(No symbol) [0x00007FF7EA8B1E62]\n   \t(No symbol) [0x00007FF7EA8A120F]\n   \tBaseThreadInitThunk [0x00007FF906BE257D+29]\n   \tRtlUserThreadStart [0x00007FF907E6AF28+40]\n", "test_name": "test_fundreport", "rerun": "0"}, "2": {"status": "FAIL", "message": "   selenium.common.exceptions.NoSuchElementException: Message: no such element: Unable to locate element: {\"method\":\"xpath\",\"selector\":\"//*[@id='root']/div[2]/div/div[2]/a[2]\"}\n     (Session info: chrome=126.0.6478.114); For documentation on this error, please visit: https://www.selenium.dev/documentation/webdriver/troubleshooting/errors#no-such-element-exception\n   Stacktrace:\n   \tGetHandleVerifier [0x00007FF7EA933E32+31618]\n   \t(No symbol) [0x00007FF7EA8AB099]\n   \t(No symbol) [0x00007FF7EA76888A]\n   \t(No symbol) [0x00007FF7EA7B8524]\n   \t(No symbol) [0x00007FF7EA7B862C]\n   \t(No symbol) [0x00007FF7EA7FF787]\n   \t(No symbol) [0x00007FF7EA7DD14F]\n   \t(No symbol) [0x00007FF7EA7FCA80]\n   \t(No symbol) [0x00007FF7EA7DCEB3]\n   \t(No symbol) [0x00007FF7EA7AA46B]\n   \t(No symbol) [0x00007FF7EA7AB001]\n   \tGetHandleVerifier [0x00007FF7EAC39FFD+3202381]\n   \tGetHandleVerifier [0x00007FF7EAC86A1D+3516269]\n   \tGetHandleVerifier [0x00007FF7EAC7C490+3473888]\n   \tGetHandleVerifier [0x00007FF7EA9E5D36+760454]\n   \t(No symbol) [0x00007FF7EA8B6B3F]\n   \t(No symbol) [0x00007FF7EA8B1CD4]\n   \t(No symbol) [0x00007FF7EA8B1E62]\n   \t(No symbol) [0x00007FF7EA8A120F]\n   \tBaseThreadInitThunk [0x00007FF906BE257D+29]\n   \tRtlUserThreadStart [0x00007FF907E6AF28+40]\n", "test_name": "test_fundcopylink", "rerun": "0"}, "3": {"status": "FAIL", "message": "   selenium.common.exceptions.NoSuchElementException: Message: no such element: Unable to locate element: {\"method\":\"xpath\",\"selector\":\"//*[@id='root']/div[2]/div/div[2]/a[2]\"}\n     (Session info: chrome=126.0.6478.114); For documentation on this error, please visit: https://www.selenium.dev/documentation/webdriver/troubleshooting/errors#no-such-element-exception\n   Stacktrace:\n   \tGetHandleVerifier [0x00007FF7EA933E32+31618]\n   \t(No symbol) [0x00007FF7EA8AB099]\n   \t(No symbol) [0x00007FF7EA76888A]\n   \t(No symbol) [0x00007FF7EA7B8524]\n   \t(No symbol) [0x00007FF7EA7B862C]\n   \t(No symbol) [0x00007FF7EA7FF787]\n   \t(No symbol) [0x00007FF7EA7DD14F]\n   \t(No symbol) [0x00007FF7EA7FCA80]\n   \t(No symbol) [0x00007FF7EA7DCEB3]\n   \t(No symbol) [0x00007FF7EA7AA46B]\n   \t(No symbol) [0x00007FF7EA7AB001]\n   \tGetHandleVerifier [0x00007FF7EAC39FFD+3202381]\n   \tGetHandleVerifier [0x00007FF7EAC86A1D+3516269]\n   \tGetHandleVerifier [0x00007FF7EAC7C490+3473888]\n   \tGetHandleVerifier [0x00007FF7EA9E5D36+760454]\n   \t(No symbol) [0x00007FF7EA8B6B3F]\n   \t(No symbol) [0x00007FF7EA8B1CD4]\n   \t(No symbol) [0x00007FF7EA8B1E62]\n   \t(No symbol) [0x00007FF7EA8A120F]\n   \tBaseThreadInitThunk [0x00007FF906BE257D+29]\n   \tRtlUserThreadStart [0x00007FF907E6AF28+40]\n", "test_name": "test_fundsave", "rerun": "0"}, "4": {"status": "FAIL", "message": "   selenium.common.exceptions.NoSuchElementException: Message: no such element: Unable to locate element: {\"method\":\"xpath\",\"selector\":\"//*[@id='root']/div[2]/div/div[2]/a[2]\"}\n     (Session info: chrome=126.0.6478.114); For documentation on this error, please visit: https://www.selenium.dev/documentation/webdriver/troubleshooting/errors#no-such-element-exception\n   Stacktrace:\n   \tGetHandleVerifier [0x00007FF7EA933E32+31618]\n   \t(No symbol) [0x00007FF7EA8AB099]\n   \t(No symbol) [0x00007FF7EA76888A]\n   \t(No symbol) [0x00007FF7EA7B8524]\n   \t(No symbol) [0x00007FF7EA7B862C]\n   \t(No symbol) [0x00007FF7EA7FF787]\n   \t(No symbol) [0x00007FF7EA7DD14F]\n   \t(No symbol) [0x00007FF7EA7FCA80]\n   \t(No symbol) [0x00007FF7EA7DCEB3]\n   \t(No symbol) [0x00007FF7EA7AA46B]\n   \t(No symbol) [0x00007FF7EA7AB001]\n   \tGetHandleVerifier [0x00007FF7EAC39FFD+3202381]\n   \tGetHandleVerifier [0x00007FF7EAC86A1D+3516269]\n   \tGetHandleVerifier [0x00007FF7EAC7C490+3473888]\n   \tGetHandleVerifier [0x00007FF7EA9E5D36+760454]\n   \t(No symbol) [0x00007FF7EA8B6B3F]\n   \t(No symbol) [0x00007FF7EA8B1CD4]\n   \t(No symbol) [0x00007FF7EA8B1E62]\n   \t(No symbol) [0x00007FF7EA8A120F]\n   \tBaseThreadInitThunk [0x00007FF906BE257D+29]\n   \tRtlUserThreadStart [0x00007FF907E6AF28+40]\n", "test_name": "test_fundnotinterested", "rerun": "0"}, "5": {"status": "FAIL", "message": "   selenium.common.exceptions.NoSuchElementException: Message: no such element: Unable to locate element: {\"method\":\"xpath\",\"selector\":\"//*[@id='root']/div[2]/div/div[2]/a[2]\"}\n     (Session info: chrome=126.0.6478.114); For documentation on this error, please visit: https://www.selenium.dev/documentation/webdriver/troubleshooting/errors#no-such-element-exception\n   Stacktrace:\n   \tGetHandleVerifier [0x00007FF7EA933E32+31618]\n   \t(No symbol) [0x00007FF7EA8AB099]\n   \t(No symbol) [0x00007FF7EA76888A]\n   \t(No symbol) [0x00007FF7EA7B8524]\n   \t(No symbol) [0x00007FF7EA7B862C]\n   \t(No symbol) [0x00007FF7EA7FF787]\n   \t(No symbol) [0x00007FF7EA7DD14F]\n   \t(No symbol) [0x00007FF7EA7FCA80]\n   \t(No symbol) [0x00007FF7EA7DCEB3]\n   \t(No symbol) [0x00007FF7EA7AA46B]\n   \t(No symbol) [0x00007FF7EA7AB001]\n   \tGetHandleVerifier [0x00007FF7EAC39FFD+3202381]\n   \tGetHandleVerifier [0x00007FF7EAC86A1D+3516269]\n   \tGetHandleVerifier [0x00007FF7EAC7C490+3473888]\n   \tGetHandleVerifier [0x00007FF7EA9E5D36+760454]\n   \t(No symbol) [0x00007FF7EA8B6B3F]\n   \t(No symbol) [0x00007FF7EA8B1CD4]\n   \t(No symbol) [0x00007FF7EA8B1E62]\n   \t(No symbol) [0x00007FF7EA8A120F]\n   \tBaseThreadInitThunk [0x00007FF906BE257D+29]\n   \tRtlUserThreadStart [0x00007FF907E6AF28+40]\n", "test_name": "test_fundlikeSuperlike", "rerun": "0"}}, "suite_name": "test_014_fundraise.py"}}}, "date": "June 21, 2024", "start_time": 1718972151.7889514, "total_suite": 1, "status": "FAIL", "status_list": {"pass": "0", "fail": "6", "skip": "0", "error": "0", "xpass": "0", "xfail": "0", "rerun": "0"}, "total_tests": "6"}