{"content": {"suites": {"0": {"status": {"total_pass": 0, "total_skip": 0, "total_xpass": 0, "total_xfail": 0, "total_rerun": 0, "total_fail": 2, "total_error": 0}, "tests": {"0": {"status": "FAIL", "message": "   selenium.common.exceptions.NoSuchElementException: Message: no such element: Unable to locate element: {\"method\":\"xpath\",\"selector\":\"/html/body/div[1]/section[1]/nav/main/div[1]/aside[1]/div/div/div/div[2]/div[2]/ul/li[1]/div/label\"}\n     (Session info: chrome=126.0.6478.127); For documentation on this error, please visit: https://www.selenium.dev/documentation/webdriver/troubleshooting/errors#no-such-element-exception\n   Stacktrace:\n   \tGetHandleVerifier [0x00007FF74652EEA2+31554]\n   \t(No symbol) [0x00007FF7464A7ED9]\n   \t(No symbol) [0x00007FF74636872A]\n   \t(No symbol) [0x00007FF7463B8434]\n   \t(No symbol) [0x00007FF7463B853C]\n   \t(No symbol) [0x00007FF7463FF6A7]\n   \t(No symbol) [0x00007FF7463DD06F]\n   \t(No symbol) [0x00007FF7463FC977]\n   \t(No symbol) [0x00007FF7463DCDD3]\n   \t(No symbol) [0x00007FF7463AA33B]\n   \t(No symbol) [0x00007FF7463AAED1]\n   \tGetHandleVerifier [0x00007FF746838B1D+3217341]\n   \tGetHandleVerifier [0x00007FF746885AE3+3532675]\n   \tGetHandleVerifier [0x00007FF74687B0E0+3489152]\n   \tGetHandleVerifier [0x00007FF7465DE776+750614]\n   \t(No symbol) [0x00007FF7464B375F]\n   \t(No symbol) [0x00007FF7464AEB14]\n   \t(No symbol) [0x00007FF7464AECA2]\n   \t(No symbol) [0x00007FF74649E16F]\n   \tBaseThreadInitThunk [0x00007FF906BE257D+29]\n   \tRtlUserThreadStart [0x00007FF907E6AF28+40]\n", "test_name": "test_subscription1", "rerun": "0"}, "1": {"status": "FAIL", "message": "   selenium.common.exceptions.NoSuchElementException: Message: no such element: Unable to locate element: {\"method\":\"xpath\",\"selector\":\"/html/body/div[1]/section[1]/nav/main/div[1]/aside[1]/div/div/div/div[2]/div[2]/ul/li[1]/div/label\"}\n     (Session info: chrome=126.0.6478.127); For documentation on this error, please visit: https://www.selenium.dev/documentation/webdriver/troubleshooting/errors#no-such-element-exception\n   Stacktrace:\n   \tGetHandleVerifier [0x00007FF74652EEA2+31554]\n   \t(No symbol) [0x00007FF7464A7ED9]\n   \t(No symbol) [0x00007FF74636872A]\n   \t(No symbol) [0x00007FF7463B8434]\n   \t(No symbol) [0x00007FF7463B853C]\n   \t(No symbol) [0x00007FF7463FF6A7]\n   \t(No symbol) [0x00007FF7463DD06F]\n   \t(No symbol) [0x00007FF7463FC977]\n   \t(No symbol) [0x00007FF7463DCDD3]\n   \t(No symbol) [0x00007FF7463AA33B]\n   \t(No symbol) [0x00007FF7463AAED1]\n   \tGetHandleVerifier [0x00007FF746838B1D+3217341]\n   \tGetHandleVerifier [0x00007FF746885AE3+3532675]\n   \tGetHandleVerifier [0x00007FF74687B0E0+3489152]\n   \tGetHandleVerifier [0x00007FF7465DE776+750614]\n   \t(No symbol) [0x00007FF7464B375F]\n   \t(No symbol) [0x00007FF7464AEB14]\n   \t(No symbol) [0x00007FF7464AECA2]\n   \t(No symbol) [0x00007FF74649E16F]\n   \tBaseThreadInitThunk [0x00007FF906BE257D+29]\n   \tRtlUserThreadStart [0x00007FF907E6AF28+40]\n", "test_name": "test_subscription2", "rerun": "0"}}, "suite_name": "test_018_subscription.py"}}}, "date": "July 11, 2024", "start_time": 1720701964.268675, "total_suite": 1, "status": "FAIL", "status_list": {"pass": "0", "fail": "2", "skip": "0", "error": "0", "xpass": "0", "xfail": "0", "rerun": "0"}, "total_tests": "2"}