{"content": {"suites": {"0": {"status": {"total_pass": 0, "total_skip": 0, "total_xpass": 0, "total_xfail": 0, "total_rerun": 0, "total_fail": 2, "total_error": 0}, "tests": {"0": {"status": "FAIL", "message": "   selenium.common.exceptions.NoSuchElementException: Message: no such element: Unable to locate element: {\"method\":\"xpath\",\"selector\":\"/html/body/div[1]/div[2]/section[1]/main/div/div/section/div/div[2]/div/form/div/div[2]/div[10]/button[2]/span[1]\"}\n     (Session info: chrome=126.0.6478.127); For documentation on this error, please visit: https://www.selenium.dev/documentation/webdriver/troubleshooting/errors#no-such-element-exception\n   Stacktrace:\n   \tGetHandleVerifier [0x00007FF71C40EEA2+31554]\n   \t(No symbol) [0x00007FF71C387ED9]\n   \t(No symbol) [0x00007FF71C24872A]\n   \t(No symbol) [0x00007FF71C298434]\n   \t(No symbol) [0x00007FF71C29853C]\n   \t(No symbol) [0x00007FF71C2DF6A7]\n   \t(No symbol) [0x00007FF71C2BD06F]\n   \t(No symbol) [0x00007FF71C2DC977]\n   \t(No symbol) [0x00007FF71C2BCDD3]\n   \t(No symbol) [0x00007FF71C28A33B]\n   \t(No symbol) [0x00007FF71C28AED1]\n   \tGetHandleVerifier [0x00007FF71C718B1D+3217341]\n   \tGetHandleVerifier [0x00007FF71C765AE3+3532675]\n   \tGetHandleVerifier [0x00007FF71C75B0E0+3489152]\n   \tGetHandleVerifier [0x00007FF71C4BE776+750614]\n   \t(No symbol) [0x00007FF71C39375F]\n   \t(No symbol) [0x00007FF71C38EB14]\n   \t(No symbol) [0x00007FF71C38ECA2]\n   \t(No symbol) [0x00007FF71C37E16F]\n   \tBaseThreadInitThunk [0x00007FF906BE257D+29]\n   \tRtlUserThreadStart [0x00007FF907E6AF28+40]\n", "test_name": "test_projecttypesubscription", "rerun": "0"}, "1": {"status": "FAIL", "message": "   selenium.common.exceptions.NoSuchWindowException: Message: no such window: target window already closed\n   from unknown error: web view not found\n     (Session info: chrome=126.0.6478.127)\n   Stacktrace:\n   \tGetHandleVerifier [0x00007FF71C40EEA2+31554]\n   \t(No symbol) [0x00007FF71C387ED9]\n   \t(No symbol) [0x00007FF71C24872A]\n   \t(No symbol) [0x00007FF71C21D995]\n   \t(No symbol) [0x00007FF71C2C44D7]\n   \t(No symbol) [0x00007FF71C2DC051]\n   \t(No symbol) [0x00007FF71C2BCDD3]\n   \t(No symbol) [0x00007FF71C28A33B]\n   \t(No symbol) [0x00007FF71C28AED1]\n   \tGetHandleVerifier [0x00007FF71C718B1D+3217341]\n   \tGetHandleVerifier [0x00007FF71C765AE3+3532675]\n   \tGetHandleVerifier [0x00007FF71C75B0E0+3489152]\n   \tGetHandleVerifier [0x00007FF71C4BE776+750614]\n   \t(No symbol) [0x00007FF71C39375F]\n   \t(No symbol) [0x00007FF71C38EB14]\n   \t(No symbol) [0x00007FF71C38ECA2]\n   \t(No symbol) [0x00007FF71C37E16F]\n   \tBaseThreadInitThunk [0x00007FF906BE257D+29]\n   \tRtlUserThreadStart [0x00007FF907E6AF28+40]\n", "test_name": "test_pjtstaffsubscription", "rerun": "0"}}, "suite_name": "test_017_projectsubscription.py"}}}, "date": "June 28, 2024", "start_time": 1719579015.753579, "total_suite": 1, "status": "FAIL", "status_list": {"pass": "0", "fail": "2", "skip": "0", "error": "0", "xpass": "0", "xfail": "0", "rerun": "0"}, "total_tests": "2"}